2024-01-26 20:01:28,380 - INFO - Processing Article - Title: Some on-air claims about Dominion Voting Systems were false, Fox News acknowledges in statement after deal is announced, Source URL: https://www.cnn.com/business/live-news/fox-news-dominion-trial-04-18-23/index.html, Predicted Category: Natural Disasters
2024-01-26 20:01:28,546 - INFO - Article Added to Database - Title: Some on-air claims about Dominion Voting Systems were false, Fox News acknowledges in statement after deal is announced, Source URL: https://www.cnn.com/business/live-news/fox-news-dominion-trial-04-18-23/index.html, Category: Natural Disasters
2024-01-26 20:01:28,686 - INFO - Processing Article - Title: Dominion still has pending lawsuits against election deniers such as Rudy Giuliani and Sidney Powell, Source URL: https://www.cnn.com/business/live-news/fox-news-dominion-trial-04-18-23/h_8d51e3ae2714edaa0dace837305d03b8, Predicted Category: Others
2024-01-26 20:01:28,690 - ERROR - Error processing article: time data '' does not match format '%a, %d %b %Y %H:%M:%S GMT'
2024-01-26 20:01:28,840 - INFO - Processing Article - Title: Here are the 20 specific Fox broadcasts and tweets Dominion says were defamatory, Source URL: https://www.cnn.com/2023/04/17/media/dominion-fox-news-allegations/index.html, Predicted Category: Terrorism/Protest/Political Unrest/Riot
2024-01-26 20:01:28,934 - INFO - Article Added to Database - Title: Here are the 20 specific Fox broadcasts and tweets Dominion says were defamatory, Source URL: https://www.cnn.com/2023/04/17/media/dominion-fox-news-allegations/index.html, Category: Terrorism/Protest/Political Unrest/Riot
2024-01-26 20:01:29,042 - INFO - Processing Article - Title: Judge in Fox News-Dominion defamation trial: 'The parties have resolved their case', Source URL: https://www.cnn.com/2023/04/18/media/fox-dominion-settlement/index.html, Predicted Category: Terrorism/Protest/Political Unrest/Riot
2024-01-26 20:01:29,119 - INFO - Article Added to Database - Title: Judge in Fox News-Dominion defamation trial: 'The parties have resolved their case', Source URL: https://www.cnn.com/2023/04/18/media/fox-dominion-settlement/index.html, Category: Terrorism/Protest/Political Unrest/Riot
2024-01-26 20:01:29,427 - INFO - Processing Article - Title: 'Difficult to say with a straight face': Tapper reacts to Fox News' statement on settlement, Source URL: https://www.cnn.com/videos/politics/2023/04/18/jake-tapper-dominion-lawsuit-settlement-fox-news-statement-lead-vpx.cnn, Predicted Category: Terrorism/Protest/Political Unrest/Riot
2024-01-26 20:01:29,573 - INFO - Article Added to Database - Title: 'Difficult to say with a straight face': Tapper reacts to Fox News' statement on settlement, Source URL: https://www.cnn.com/videos/politics/2023/04/18/jake-tapper-dominion-lawsuit-settlement-fox-news-statement-lead-vpx.cnn, Category: Terrorism/Protest/Political Unrest/Riot
2024-01-26 20:01:29,871 - INFO - Processing Article - Title: Millions in the US could face massive consequences unless McCarthy can navigate out of a debt trap he set for Biden, Source URL: https://www.cnn.com/2023/04/18/politics/mccarthy-biden-debt-ceiling/index.html, Predicted Category: Terrorism/Protest/Political Unrest/Riot
2024-01-26 20:01:30,487 - INFO - Article Added to Database - Title: Millions in the US could face massive consequences unless McCarthy can navigate out of a debt trap he set for Biden, Source URL: https://www.cnn.com/2023/04/18/politics/mccarthy-biden-debt-ceiling/index.html, Category: Terrorism/Protest/Political Unrest/Riot
2024-01-26 20:01:30,756 - INFO - Processing Article - Title: White homeowner accused of shooting a Black teen who rang his doorbell turns himself in to face criminal charges, Source URL: https://www.cnn.com/2023/04/18/us/kansas-city-ralph-yarl-shooting-tuesday/index.html, Predicted Category: Terrorism/Protest/Political Unrest/Riot
2024-01-26 20:01:31,713 - INFO - Article Added to Database - Title: White homeowner accused of shooting a Black teen who rang his doorbell turns himself in to face criminal charges, Source URL: https://www.cnn.com/2023/04/18/us/kansas-city-ralph-yarl-shooting-tuesday/index.html, Category: Terrorism/Protest/Political Unrest/Riot
2024-01-26 20:01:32,018 - INFO - Processing Article - Title: Newly released video shows scene of Jeremy Renner's snowplow accident, Source URL: https://www.cnn.com/videos/us/2023/04/18/jeremy-renner-snowplow-accident-bodycam-nc-melas-contd-vpx.cnn, Predicted Category: Natural Disasters
2024-01-26 20:01:32,627 - INFO - Article Added to Database - Title: Newly released video shows scene of Jeremy Renner's snowplow accident, Source URL: https://www.cnn.com/videos/us/2023/04/18/jeremy-renner-snowplow-accident-bodycam-nc-melas-contd-vpx.cnn, Category: Natural Disasters
2024-01-26 20:01:32,912 - INFO - Processing Article - Title: Jake Gyllenhaal and Jamie Lee Curtis spent the Covid-19 lockdown together, Source URL: https://www.cnn.com/2023/04/18/entertainment/jake-gyllenhaal-jamie-lee-curtis-pandemic-living/index.html, Predicted Category: Others
2024-01-26 20:01:33,308 - INFO - Article Added to Database - Title: Jake Gyllenhaal and Jamie Lee Curtis spent the Covid-19 lockdown together, Source URL: https://www.cnn.com/2023/04/18/entertainment/jake-gyllenhaal-jamie-lee-curtis-pandemic-living/index.html, Category: Others
2024-01-26 20:01:33,594 - INFO - Processing Article - Title: Toddler crawls through White House fence, prompts Secret Service response, Source URL: https://www.cnn.com/2023/04/18/politics/white-house-toddler/index.html, Predicted Category: Others
2024-01-26 20:01:34,209 - INFO - Article Added to Database - Title: Toddler crawls through White House fence, prompts Secret Service response, Source URL: https://www.cnn.com/2023/04/18/politics/white-house-toddler/index.html, Category: Others
2024-01-26 20:01:34,445 - INFO - Processing Article - Title: Jamie Foxx remains hospitalized nearly a week after 'medical complication', Source URL: https://www.cnn.com/2023/04/17/entertainment/jamie-foxx-remains-hospitalized/index.html, Predicted Category: Terrorism/Protest/Political Unrest/Riot
2024-01-26 20:01:34,886 - INFO - Article Added to Database - Title: Jamie Foxx remains hospitalized nearly a week after 'medical complication', Source URL: https://www.cnn.com/2023/04/17/entertainment/jamie-foxx-remains-hospitalized/index.html, Category: Terrorism/Protest/Political Unrest/Riot
2024-01-26 20:01:35,159 - INFO - Processing Article - Title: A 13-year-old dies after participating in a Benadryl TikTok 'challenge', Source URL: https://www.cnn.com/2023/04/18/us/benadryl-tiktok-challenge-teen-death-wellness/index.html, Predicted Category: Positive/Uplifting
2024-01-26 20:01:35,726 - INFO - Article Added to Database - Title: A 13-year-old dies after participating in a Benadryl TikTok 'challenge', Source URL: https://www.cnn.com/2023/04/18/us/benadryl-tiktok-challenge-teen-death-wellness/index.html, Category: Positive/Uplifting
2024-01-26 20:01:35,913 - INFO - Processing Article - Title: See pizza delivery guy take out suspect fleeing police, Source URL: https://www.cnn.com/videos/us/2023/04/18/pizza-guy-trips-perp-moos-cprog-orig-bdk.cnn, Predicted Category: Terrorism/Protest/Political Unrest/Riot
2024-01-26 20:01:36,194 - INFO - Article Added to Database - Title: See pizza delivery guy take out suspect fleeing police, Source URL: https://www.cnn.com/videos/us/2023/04/18/pizza-guy-trips-perp-moos-cprog-orig-bdk.cnn, Category: Terrorism/Protest/Political Unrest/Riot
2024-01-26 20:01:36,410 - INFO - Processing Article - Title: Netflix is winding down its DVD business after 25 years, Source URL: https://www.cnn.com/2023/04/18/media/netflix-dvd-red-envelopes/index.html, Predicted Category: Terrorism/Protest/Political Unrest/Riot
2024-01-26 20:01:36,511 - INFO - Article Added to Database - Title: Netflix is winding down its DVD business after 25 years, Source URL: https://www.cnn.com/2023/04/18/media/netflix-dvd-red-envelopes/index.html, Category: Terrorism/Protest/Political Unrest/Riot
2024-01-26 20:01:36,752 - INFO - Processing Article - Title: FTC chair Lina Khan warns AI could 'turbocharge' fraud and scams, Source URL: https://www.cnn.com/2023/04/18/tech/lina-khan-ai-warning/index.html, Predicted Category: Terrorism/Protest/Political Unrest/Riot
2024-01-26 20:01:36,836 - INFO - Article Added to Database - Title: FTC chair Lina Khan warns AI could 'turbocharge' fraud and scams, Source URL: https://www.cnn.com/2023/04/18/tech/lina-khan-ai-warning/index.html, Category: Terrorism/Protest/Political Unrest/Riot
2024-01-26 20:01:37,049 - INFO - Processing Article - Title: Eating too much of these foods is driving the rise in type 2 diabetes, study says, Source URL: https://www.cnn.com/2023/04/17/health/rise-type-2-diabetes-global-wellness/index.html, Predicted Category: Positive/Uplifting
2024-01-26 20:01:37,143 - INFO - Article Added to Database - Title: Eating too much of these foods is driving the rise in type 2 diabetes, study says, Source URL: https://www.cnn.com/2023/04/17/health/rise-type-2-diabetes-global-wellness/index.html, Category: Positive/Uplifting
2024-01-26 20:01:37,334 - INFO - Processing Article - Title: ADHD medication abuse in schools is a 'wake-up call', Source URL: https://www.cnn.com/2023/04/18/health/teen-misuse-adhd-meds-wellness/index.html, Predicted Category: Positive/Uplifting
2024-01-26 20:01:37,419 - INFO - Article Added to Database - Title: ADHD medication abuse in schools is a 'wake-up call', Source URL: https://www.cnn.com/2023/04/18/health/teen-misuse-adhd-meds-wellness/index.html, Category: Positive/Uplifting
2024-01-26 20:01:37,575 - INFO - Processing Article - Title: Apple CEO was presented with an original Macintosh. See his reaction, Source URL: https://www.cnn.com/videos/tech/2023/04/18/apple-store-mumbai-india-ceo-tim-cook-vedika-sud-ovn-biz-ldn-vpx.cnn, Predicted Category: Others
2024-01-26 20:01:37,669 - INFO - Article Added to Database - Title: Apple CEO was presented with an original Macintosh. See his reaction, Source URL: https://www.cnn.com/videos/tech/2023/04/18/apple-store-mumbai-india-ceo-tim-cook-vedika-sud-ovn-biz-ldn-vpx.cnn, Category: Others
2024-01-26 20:01:37,842 - INFO - Processing Article - Title: Democrats bash Justice Clarence Thomas but their plan to investigate ethics allegations is unclear, Source URL: https://www.cnn.com/2023/04/18/politics/clarence-thomas-ethics-democrats/index.html, Predicted Category: Terrorism/Protest/Political Unrest/Riot
2024-01-26 20:01:37,936 - INFO - Article Added to Database - Title: Democrats bash Justice Clarence Thomas but their plan to investigate ethics allegations is unclear, Source URL: https://www.cnn.com/2023/04/18/politics/clarence-thomas-ethics-democrats/index.html, Category: Terrorism/Protest/Political Unrest/Riot
2024-01-26 20:01:38,078 - INFO - Processing Article - Title: Russia is 'going backwards' in equipment and deploying post WWII-era tanks, according to Western officials, Source URL: https://www.cnn.com/europe/live-news/russia-ukraine-war-news-04-18-23/index.html, Predicted Category: Terrorism/Protest/Political Unrest/Riot
2024-01-26 20:01:38,079 - ERROR - Error processing article: time data '' does not match format '%a, %d %b %Y %H:%M:%S GMT'
2024-01-26 20:01:38,181 - INFO - Processing Article - Title: Two Russians claiming to be former Wagner commanders admit killing children and civilians in Ukraine, Source URL: https://www.cnn.com/2023/04/17/europe/wagner-commanders-russia-kill-children-intl-hnk/index.html, Predicted Category: Terrorism/Protest/Political Unrest/Riot
2024-01-26 20:01:38,269 - INFO - Article Added to Database - Title: Two Russians claiming to be former Wagner commanders admit killing children and civilians in Ukraine, Source URL: https://www.cnn.com/2023/04/17/europe/wagner-commanders-russia-kill-children-intl-hnk/index.html, Category: Terrorism/Protest/Political Unrest/Riot
2024-01-26 20:01:38,394 - INFO - Processing Article - Title: 'My stomach is hurting from laughing': Hear panelist's reaction to DeSantis' threat to Disney, Source URL: https://www.cnn.com/videos/business/2023/04/18/desantis-disney-competition-panel-reax-pt-vpx.cnn, Predicted Category: Terrorism/Protest/Political Unrest/Riot
2024-01-26 20:01:38,487 - INFO - Article Added to Database - Title: 'My stomach is hurting from laughing': Hear panelist's reaction to DeSantis' threat to Disney, Source URL: https://www.cnn.com/videos/business/2023/04/18/desantis-disney-competition-panel-reax-pt-vpx.cnn, Category: Terrorism/Protest/Political Unrest/Riot
2024-01-26 20:01:38,687 - INFO - Processing Article - Title: GOP prepared to block vote to replace Feinstein on Senate Judiciary, Source URL: https://www.cnn.com/2023/04/18/politics/schumer-senate-feinstein-vote-cardin/index.html, Predicted Category: Terrorism/Protest/Political Unrest/Riot
2024-01-26 20:01:38,779 - INFO - Article Added to Database - Title: GOP prepared to block vote to replace Feinstein on Senate Judiciary, Source URL: https://www.cnn.com/2023/04/18/politics/schumer-senate-feinstein-vote-cardin/index.html, Category: Terrorism/Protest/Political Unrest/Riot
2024-01-26 20:01:38,858 - INFO - Processing Article - Title: Oklahoma governor calls on officials to resign over recording of racist and threatening remarks, Source URL: https://www.cnn.com/2023/04/18/us/mccurtain-county-oklahoma-officials-recording/index.html, Predicted Category: Terrorism/Protest/Political Unrest/Riot
2024-01-26 20:01:38,940 - INFO - Article Added to Database - Title: Oklahoma governor calls on officials to resign over recording of racist and threatening remarks, Source URL: https://www.cnn.com/2023/04/18/us/mccurtain-county-oklahoma-officials-recording/index.html, Category: Terrorism/Protest/Political Unrest/Riot
2024-01-26 20:01:39,112 - INFO - Processing Article - Title: McCarthy slams Biden in handling of US debt , Source URL: https://www.cnn.com/videos/politics/2023/04/18/kevin-mccarthy-wall-street-speech-debt-ceiling-biden-economy-vpx.cnn, Predicted Category: Terrorism/Protest/Political Unrest/Riot
2024-01-26 20:01:39,207 - INFO - Article Added to Database - Title: McCarthy slams Biden in handling of US debt , Source URL: https://www.cnn.com/videos/politics/2023/04/18/kevin-mccarthy-wall-street-speech-debt-ceiling-biden-economy-vpx.cnn, Category: Terrorism/Protest/Political Unrest/Riot
2024-01-26 20:01:39,345 - INFO - Processing Article - Title: US warns Russia not to touch American nuclear technology at Ukrainian nuclear plant, Source URL: https://www.cnn.com/2023/04/18/politics/us-warns-russia-zaporizhzhia-nuclear-plant/index.html, Predicted Category: Terrorism/Protest/Political Unrest/Riot
2024-01-26 20:01:39,441 - INFO - Article Added to Database - Title: US warns Russia not to touch American nuclear technology at Ukrainian nuclear plant, Source URL: https://www.cnn.com/2023/04/18/politics/us-warns-russia-zaporizhzhia-nuclear-plant/index.html, Category: Terrorism/Protest/Political Unrest/Riot
2024-01-26 20:01:39,603 - INFO - Processing Article - Title: Repeated gunshots fired on live TV as ex-lawmaker shot by assassins, Source URL: https://www.cnn.com/videos/world/2023/04/18/india-ex-lawmaker-atiq-ahmed-assassination-sud-pkg-contd-ovn-intl-hnk-vpx.cnn, Predicted Category: Terrorism/Protest/Political Unrest/Riot
2024-01-26 20:01:39,692 - INFO - Article Added to Database - Title: Repeated gunshots fired on live TV as ex-lawmaker shot by assassins, Source URL: https://www.cnn.com/videos/world/2023/04/18/india-ex-lawmaker-atiq-ahmed-assassination-sud-pkg-contd-ovn-intl-hnk-vpx.cnn, Category: Terrorism/Protest/Political Unrest/Riot
2024-01-26 20:01:39,842 - INFO - Processing Article - Title: FDA clears the way for additional bivalent boosters for certain vulnerable individuals, Source URL: https://www.cnn.com/2023/04/18/health/fda-bivalent-booster-additional-doses/index.html, Predicted Category: Others
2024-01-26 20:01:39,935 - INFO - Article Added to Database - Title: FDA clears the way for additional bivalent boosters for certain vulnerable individuals, Source URL: https://www.cnn.com/2023/04/18/health/fda-bivalent-booster-additional-doses/index.html, Category: Others
2024-01-26 20:01:40,061 - INFO - Processing Article - Title: Maine authorities detained a person of interest after 4 people were found dead in a home and 3 others shot while driving, Source URL: https://www.cnn.com/2023/04/18/us/maine-shooting-bowdoin-yarmouth/index.html, Predicted Category: Terrorism/Protest/Political Unrest/Riot
2024-01-26 20:01:40,153 - INFO - Article Added to Database - Title: Maine authorities detained a person of interest after 4 people were found dead in a home and 3 others shot while driving, Source URL: https://www.cnn.com/2023/04/18/us/maine-shooting-bowdoin-yarmouth/index.html, Category: Terrorism/Protest/Political Unrest/Riot
2024-01-26 20:01:40,245 - INFO - Processing Article - Title: Southwest says flights resumed after delays caused by 'tech issues', Source URL: https://www.cnn.com/travel/article/southwest-airlines-flight-delays/index.html, Predicted Category: Terrorism/Protest/Political Unrest/Riot
2024-01-26 20:01:40,330 - INFO - Article Added to Database - Title: Southwest says flights resumed after delays caused by 'tech issues', Source URL: https://www.cnn.com/travel/article/southwest-airlines-flight-delays/index.html, Category: Terrorism/Protest/Political Unrest/Riot
2024-01-26 20:01:40,446 - INFO - Processing Article - Title: Damar Hamlin cleared to resume football activities after January cardiac arrest, Source URL: https://www.cnn.com/2023/04/18/sport/damar-hamlin-cleared-to-train-nfl-spt-intl/index.html, Predicted Category: Terrorism/Protest/Political Unrest/Riot
2024-01-26 20:01:40,540 - INFO - Article Added to Database - Title: Damar Hamlin cleared to resume football activities after January cardiac arrest, Source URL: https://www.cnn.com/2023/04/18/sport/damar-hamlin-cleared-to-train-nfl-spt-intl/index.html, Category: Terrorism/Protest/Political Unrest/Riot
2024-01-26 20:01:40,638 - INFO - Processing Article - Title: Pilot makes history after landing on top of a 56-story hotel, Source URL: https://www.cnn.com/videos/travel/2023/03/17/pilot-lands-on-dubai-helipad-cprog-orig-aw-ao.cnn, Predicted Category: Others
2024-01-26 20:01:40,735 - INFO - Article Added to Database - Title: Pilot makes history after landing on top of a 56-story hotel, Source URL: https://www.cnn.com/videos/travel/2023/03/17/pilot-lands-on-dubai-helipad-cprog-orig-aw-ao.cnn, Category: Others
2024-01-26 20:01:40,851 - INFO - Processing Article - Title: Top US Navy admiral defends non-binary sailor amid some Republican criticism, Source URL: https://www.cnn.com/2023/04/18/politics/gilday-defends-non-binary-sailor/index.html, Predicted Category: Others
2024-01-26 20:01:40,936 - INFO - Article Added to Database - Title: Top US Navy admiral defends non-binary sailor amid some Republican criticism, Source URL: https://www.cnn.com/2023/04/18/politics/gilday-defends-non-binary-sailor/index.html, Category: Others
2024-01-26 20:01:41,062 - INFO - Processing Article - Title: Fulton County DA says fake Trump electors are incriminating one another and wants lawyer disqualified , Source URL: https://www.cnn.com/2023/04/18/politics/fulton-county-trump-fake-electors/index.html, Predicted Category: Terrorism/Protest/Political Unrest/Riot
2024-01-26 20:01:41,154 - INFO - Article Added to Database - Title: Fulton County DA says fake Trump electors are incriminating one another and wants lawyer disqualified , Source URL: https://www.cnn.com/2023/04/18/politics/fulton-county-trump-fake-electors/index.html, Category: Terrorism/Protest/Political Unrest/Riot
2024-01-26 20:01:41,238 - INFO - Processing Article - Title: High speed trains are racing across the world. But not in America, Source URL: https://www.cnn.com/travel/article/high-speed-rail-us/index.html, Predicted Category: Others
2024-01-26 20:01:41,331 - INFO - Article Added to Database - Title: High speed trains are racing across the world. But not in America, Source URL: https://www.cnn.com/travel/article/high-speed-rail-us/index.html, Category: Others
2024-01-26 20:01:41,397 - INFO - Processing Article - Title: Podcast: One country musician is calling for other artists to oppose assault rifles, Source URL: https://www.cnn.com/audio/podcasts/the-assignment/episodes/42a2f0e2-066a-4675-82ff-afe2016a0bb5, Predicted Category: Terrorism/Protest/Political Unrest/Riot
2024-01-26 20:01:41,399 - ERROR - Error processing article: time data '' does not match format '%a, %d %b %Y %H:%M:%S GMT'
2024-01-26 20:01:41,535 - INFO - Processing Article - Title: Here's what you need to know if you haven't filed your return yet — and even if you have, Source URL: https://www.cnn.com/2023/04/18/success/tax-day-2023-file-irs/index.html, Predicted Category: Terrorism/Protest/Political Unrest/Riot
2024-01-26 20:01:41,624 - INFO - Article Added to Database - Title: Here's what you need to know if you haven't filed your return yet — and even if you have, Source URL: https://www.cnn.com/2023/04/18/success/tax-day-2023-file-irs/index.html, Category: Terrorism/Protest/Political Unrest/Riot
2024-01-26 20:01:41,708 - INFO - Processing Article - Title: Undocumented immigrants are paying their taxes today, too, Source URL: https://www.cnn.com/2023/04/18/us/undocumented-immigrants-taxes-cec/index.html, Predicted Category: Others
2024-01-26 20:01:41,793 - INFO - Article Added to Database - Title: Undocumented immigrants are paying their taxes today, too, Source URL: https://www.cnn.com/2023/04/18/us/undocumented-immigrants-taxes-cec/index.html, Category: Others
2024-01-26 20:01:41,943 - INFO - Processing Article - Title: Opinion: Why millionaires like us want to pay more in taxes, Source URL: https://www.cnn.com/2023/04/17/opinions/us-tax-system-wealthy-disney-pearl/index.html, Predicted Category: Terrorism/Protest/Political Unrest/Riot
2024-01-26 20:01:42,036 - INFO - Article Added to Database - Title: Opinion: Why millionaires like us want to pay more in taxes, Source URL: https://www.cnn.com/2023/04/17/opinions/us-tax-system-wealthy-disney-pearl/index.html, Category: Terrorism/Protest/Political Unrest/Riot
2024-01-26 20:01:42,183 - INFO - Processing Article - Title: 'World's longest' purpose-built cycling tunnel opens in Norway, Source URL: https://www.cnn.com/travel/article/worlds-longest-cycling-tunnel/index.html, Predicted Category: Others
2024-01-26 20:01:42,324 - INFO - Article Added to Database - Title: 'World's longest' purpose-built cycling tunnel opens in Norway, Source URL: https://www.cnn.com/travel/article/worlds-longest-cycling-tunnel/index.html, Category: Others
2024-01-26 20:01:42,418 - INFO - Processing Article - Title: Artist rejects photo prize after AI-generated image wins award, Source URL: https://www.cnn.com/style/article/ai-photo-win-sony-scli-intl/index.html, Predicted Category: Terrorism/Protest/Political Unrest/Riot
2024-01-26 20:01:42,793 - INFO - Article Added to Database - Title: Artist rejects photo prize after AI-generated image wins award, Source URL: https://www.cnn.com/style/article/ai-photo-win-sony-scli-intl/index.html, Category: Terrorism/Protest/Political Unrest/Riot
2024-01-26 20:01:43,030 - INFO - Processing Article - Title: These ships disappeared in Lake Superior a century ago. Watch as they're found again, Source URL: https://www.cnn.com/videos/travel/2023/04/18/century-old-shipwrecks-lake-superior-discovery-contd-orig-zt.cnn, Predicted Category: Terrorism/Protest/Political Unrest/Riot
2024-01-26 20:01:43,141 - INFO - Article Added to Database - Title: These ships disappeared in Lake Superior a century ago. Watch as they're found again, Source URL: https://www.cnn.com/videos/travel/2023/04/18/century-old-shipwrecks-lake-superior-discovery-contd-orig-zt.cnn, Category: Terrorism/Protest/Political Unrest/Riot
2024-01-26 20:01:43,270 - INFO - Processing Article - Title: Erotic images of seniors show sex and intimacy in new light, Source URL: https://www.cnn.com/style/article/marilyn-minter-artist-elder-sex/index.html, Predicted Category: Positive/Uplifting
2024-01-26 20:01:43,359 - INFO - Article Added to Database - Title: Erotic images of seniors show sex and intimacy in new light, Source URL: https://www.cnn.com/style/article/marilyn-minter-artist-elder-sex/index.html, Category: Positive/Uplifting
2024-01-26 20:01:43,471 - INFO - Processing Article - Title: China's economy is off to a solid start, rising 4.5% in Q1 2023 , Source URL: https://www.cnn.com/2023/04/17/economy/china-gdp-q1-2023-intl-hnk/index.html, Predicted Category: Terrorism/Protest/Political Unrest/Riot
2024-01-26 20:01:43,560 - INFO - Article Added to Database - Title: China's economy is off to a solid start, rising 4.5% in Q1 2023 , Source URL: https://www.cnn.com/2023/04/17/economy/china-gdp-q1-2023-intl-hnk/index.html, Category: Terrorism/Protest/Political Unrest/Riot
2024-01-26 20:01:43,691 - INFO - Processing Article - Title: Even when wives make as much as husbands, they still do more at home, Source URL: https://www.cnn.com/2023/04/16/success/husbands-wives-earning-division-of-labor-pew-survey/index.html, Predicted Category: Positive/Uplifting
2024-01-26 20:01:43,803 - INFO - Article Added to Database - Title: Even when wives make as much as husbands, they still do more at home, Source URL: https://www.cnn.com/2023/04/16/success/husbands-wives-earning-division-of-labor-pew-survey/index.html, Category: Positive/Uplifting
2024-01-26 20:01:43,894 - INFO - Processing Article - Title: McDonald's is upgrading its burgers, Source URL: https://www.cnn.com/2023/04/17/business/mcdonalds-burgers/index.html, Predicted Category: Others
2024-01-26 20:01:43,989 - INFO - Article Added to Database - Title: McDonald's is upgrading its burgers, Source URL: https://www.cnn.com/2023/04/17/business/mcdonalds-burgers/index.html, Category: Others
2024-01-26 20:01:44,134 - INFO - Processing Article - Title: Google-parent stock drops on fears it could lose search market share to AI-powered rivals, Source URL: https://www.cnn.com/2023/04/17/tech/google-ai-search-engine-stock-drop/index.html, Predicted Category: Terrorism/Protest/Political Unrest/Riot
2024-01-26 20:01:44,231 - INFO - Article Added to Database - Title: Google-parent stock drops on fears it could lose search market share to AI-powered rivals, Source URL: https://www.cnn.com/2023/04/17/tech/google-ai-search-engine-stock-drop/index.html, Category: Terrorism/Protest/Political Unrest/Riot
2024-01-26 20:01:44,305 - INFO - Processing Article - Title: Bidets save you money and reduce waste — we tested the best options out there, Source URL: https://www.cnn.com/cnn-underscored/reviews/best-bidets?iid=CNNUnderscoredHPcontainer, Predicted Category: Others
2024-01-26 20:01:44,306 - ERROR - Error processing article: time data '' does not match format '%a, %d %b %Y %H:%M:%S GMT'
2024-01-26 20:01:44,375 - INFO - Processing Article - Title: 50+ products to make your life easier and our planet cleaner, Source URL: https://www.cnn.com/cnn-underscored/home/editors-favorite-sustainable-products?iid=CNNUnderscoredHPcontainer, Predicted Category: Others
2024-01-26 20:01:44,377 - ERROR - Error processing article: time data '' does not match format '%a, %d %b %Y %H:%M:%S GMT'
2024-01-26 20:01:44,450 - INFO - Processing Article - Title: Mother's Day is around the corner. Here are 50+ thoughtful gifts she'll love, Source URL: https://www.cnn.com/cnn-underscored/gifts/best-mothers-day-gifts-2023?iid=CNNUnderscoredHPcontainer, Predicted Category: Others
2024-01-26 20:01:44,452 - ERROR - Error processing article: time data '' does not match format '%a, %d %b %Y %H:%M:%S GMT'
2024-01-26 20:01:44,524 - INFO - Processing Article - Title: A head-to-toe guide of how men should dress this spring, and where they should shop, Source URL: https://www.cnn.com/cnn-underscored/fashion/mens-spring-fashion-style-guide?iid=CNNUnderscoredHPcontainer, Predicted Category: Others
2024-01-26 20:01:44,526 - ERROR - Error processing article: time data '' does not match format '%a, %d %b %Y %H:%M:%S GMT'
2024-01-26 20:01:44,594 - INFO - Processing Article - Title: 42 of the most useful travel products you can buy on Amazon, Source URL: https://www.cnn.com/cnn-underscored/travel/amazon-travel-products?iid=CNNUnderscoredHPcontainer, Predicted Category: Others
2024-01-26 20:01:44,595 - ERROR - Error processing article: time data '' does not match format '%a, %d %b %Y %H:%M:%S GMT'
2024-01-26 20:01:44,669 - INFO - Processing Article - Title: The 7 best high-yield savings accounts of April 2023, Source URL: https://www.cnn.com/cnn-underscored/money/high-yield-savings-accounts?iid=CNNUnderscoredHPcontainer, Predicted Category: Others
2024-01-26 20:01:44,670 - ERROR - Error processing article: time data '' does not match format '%a, %d %b %Y %H:%M:%S GMT'
2024-01-26 20:01:44,742 - INFO - Processing Article - Title: Taxes are due tomorrow. Here's how to file for an extension, Source URL: https://www.cnn.com/cnn-underscored/money/how-to-file-taxes?iid=CNNUnderscoredHPcontainer, Predicted Category: Natural Disasters
2024-01-26 20:01:44,743 - ERROR - Error processing article: time data '' does not match format '%a, %d %b %Y %H:%M:%S GMT'
2024-01-26 20:01:44,818 - INFO - Processing Article - Title: Composting is an easy way to reduce food waste. Here's how to do it, Source URL: https://www.cnn.com/cnn-underscored/home/how-to-compost-at-home?iid=CNNUnderscoredHPcontainer, Predicted Category: Others
2024-01-26 20:01:44,819 - ERROR - Error processing article: time data '' does not match format '%a, %d %b %Y %H:%M:%S GMT'
2024-01-26 20:01:44,895 - INFO - Processing Article - Title: We stopped using aluminum foil for cooking and you should too. Here's what to use instead, Source URL: https://www.cnn.com/cnn-underscored/reviews/mmmat-silicone-mats?iid=CNNUnderscoredHPcontainer, Predicted Category: Positive/Uplifting
2024-01-26 20:01:44,897 - ERROR - Error processing article: time data '' does not match format '%a, %d %b %Y %H:%M:%S GMT'
2024-01-26 20:01:44,968 - INFO - Processing Article - Title: The beloved Dyson Supersonic hair dryer is at its lowest price ever, Source URL: https://www.cnn.com/cnn-underscored/deals/dyson-supersonic-sale-2023-04-17?iid=CNNUnderscoredHPcontainer?iid=CNNUnderscoredHPcontainer, Predicted Category: Others
2024-01-26 20:01:44,970 - ERROR - Error processing article: time data '' does not match format '%a, %d %b %Y %H:%M:%S GMT'
2024-01-26 20:01:45,044 - INFO - Processing Article - Title: Everything you need to know about Way Day 2023, Wayfair's biggest sale of the year, Source URL: https://www.cnn.com/cnn-underscored/deals/wayfair-way-day-2023-04-17?iid=CNNUnderscoredHPcontainer, Predicted Category: Others
2024-01-26 20:01:45,045 - ERROR - Error processing article: time data '' does not match format '%a, %d %b %Y %H:%M:%S GMT'
2024-01-26 20:01:45,111 - INFO - Processing Article - Title: The 10 best Amazon deals to shop this week, Source URL: https://www.cnn.com/cnn-underscored/deals/best-amazon-deals-2023-04-12?iid=CNNUnderscoredHPcontainer, Predicted Category: Others
2024-01-26 20:01:45,112 - ERROR - Error processing article: time data '' does not match format '%a, %d %b %Y %H:%M:%S GMT'
2024-01-26 20:01:45,243 - INFO - Processing Article - Title: Mifepristone saved my life , Source URL: https://www.cnn.com/2023/04/18/opinions/medication-abortion-mifepristone-miscarriage-jones-ctpr/index.html, Predicted Category: Others
2024-01-26 20:01:45,586 - INFO - Article Added to Database - Title: Mifepristone saved my life , Source URL: https://www.cnn.com/2023/04/18/opinions/medication-abortion-mifepristone-miscarriage-jones-ctpr/index.html, Category: Others
2024-01-26 20:01:45,681 - INFO - Processing Article - Title: The 2024 presidential alternative many voters will want, Source URL: https://www.cnn.com/2023/04/18/opinions/2024-presidential-election-alternative-voters-lieberman, Predicted Category: Others
2024-01-26 20:01:45,683 - ERROR - Error processing article: time data '' does not match format '%a, %d %b %Y %H:%M:%S GMT'
2024-01-26 20:01:45,935 - INFO - Processing Article - Title: Why isn't the House Judiciary Committee looking into Thomas?, Source URL: https://www.cnn.com/2023/04/17/opinions/jim-jordan-clarence-thomas-judiciary-committee-obeidallah/index.html, Predicted Category: Positive/Uplifting
2024-01-26 20:01:46,024 - INFO - Article Added to Database - Title: Why isn't the House Judiciary Committee looking into Thomas?, Source URL: https://www.cnn.com/2023/04/17/opinions/jim-jordan-clarence-thomas-judiciary-committee-obeidallah/index.html, Category: Positive/Uplifting
2024-01-26 20:01:46,201 - INFO - Processing Article - Title: Top secrets come spilling out, Source URL: https://www.cnn.com/2023/04/16/opinions/top-secrets-come-spilling-out-opinion-column-galant/index.html, Predicted Category: Others
2024-01-26 20:01:46,283 - INFO - Article Added to Database - Title: Top secrets come spilling out, Source URL: https://www.cnn.com/2023/04/16/opinions/top-secrets-come-spilling-out-opinion-column-galant/index.html, Category: Others
2024-01-26 20:01:46,412 - INFO - Processing Article - Title: How did Sudan go from casting off despotic rule to this?, Source URL: https://www.cnn.com/2023/04/17/opinions/sudan-revolution-to-civil-war-lynch/index.html, Predicted Category: Terrorism/Protest/Political Unrest/Riot
2024-01-26 20:01:47,372 - INFO - Article Added to Database - Title: How did Sudan go from casting off despotic rule to this?, Source URL: https://www.cnn.com/2023/04/17/opinions/sudan-revolution-to-civil-war-lynch/index.html, Category: Terrorism/Protest/Political Unrest/Riot
2024-01-26 20:01:47,538 - INFO - Processing Article - Title: Michelle Yeoh set to return in new 'Star Trek' movie, Source URL: https://www.cnn.com/2023/04/18/entertainment/michelle-yeoh-star-trek-section-31/index.html, Predicted Category: Others
2024-01-26 20:01:47,627 - INFO - Article Added to Database - Title: Michelle Yeoh set to return in new 'Star Trek' movie, Source URL: https://www.cnn.com/2023/04/18/entertainment/michelle-yeoh-star-trek-section-31/index.html, Category: Others
2024-01-26 20:01:47,764 - INFO - Processing Article - Title: Recap: 'Succession' finds dark humor in the aftershocks, Source URL: https://www.cnn.com/2023/04/16/entertainment/succession-season-4-episode-4-recap/index.html, Predicted Category: Others
2024-01-26 20:01:47,854 - INFO - Article Added to Database - Title: Recap: 'Succession' finds dark humor in the aftershocks, Source URL: https://www.cnn.com/2023/04/16/entertainment/succession-season-4-episode-4-recap/index.html, Category: Others
2024-01-26 20:01:47,980 - INFO - Processing Article - Title: 'Yellowjackets' leans hard into '90s music nostalgia, and we're here for it, Source URL: https://www.cnn.com/2023/04/14/entertainment/yellowjackets-90s-music/index.html, Predicted Category: Others
2024-01-26 20:01:48,064 - INFO - Article Added to Database - Title: 'Yellowjackets' leans hard into '90s music nostalgia, and we're here for it, Source URL: https://www.cnn.com/2023/04/14/entertainment/yellowjackets-90s-music/index.html, Category: Others
2024-01-26 20:01:48,177 - INFO - Processing Article - Title: Jeremy Renner revisits 'the amazing group of people' who helped him recover from his accident, Source URL: https://www.cnn.com/2023/04/16/entertainment/jeremy-renner-update/index.html, Predicted Category: Others
2024-01-26 20:01:48,554 - INFO - Article Added to Database - Title: Jeremy Renner revisits 'the amazing group of people' who helped him recover from his accident, Source URL: https://www.cnn.com/2023/04/16/entertainment/jeremy-renner-update/index.html, Category: Others
2024-01-26 20:01:48,848 - INFO - Processing Article - Title: Review: 'Barry' takes a whack at its farewell season, Source URL: https://www.cnn.com/2023/04/14/entertainment/barry-season-4-review/index.html, Predicted Category: Natural Disasters
2024-01-26 20:01:49,640 - INFO - Article Added to Database - Title: Review: 'Barry' takes a whack at its farewell season, Source URL: https://www.cnn.com/2023/04/14/entertainment/barry-season-4-review/index.html, Category: Natural Disasters
2024-01-26 20:01:50,740 - INFO - Processing Article - Title: \U0001f30e Is 2024 the year of tech layoffs?, Source URL: https://qz.com/emails/daily-brief/1851199044/is-2024-the-year-of-tech-layoffs, Predicted Category: Terrorism/Protest/Political Unrest/Riot
2024-01-26 20:01:51,151 - INFO - Article Added to Database - Title: \U0001f30e Is 2024 the year of tech layoffs?, Source URL: https://qz.com/emails/daily-brief/1851199044/is-2024-the-year-of-tech-layoffs, Category: Terrorism/Protest/Political Unrest/Riot
2024-01-26 20:01:51,835 - INFO - Processing Article - Title: Europe's economic security plan needs to play both defense and offense, Source URL: https://qz.com/europe-china-economic-security-1851199793, Predicted Category: Natural Disasters
2024-01-26 20:01:52,555 - INFO - Article Added to Database - Title: Europe's economic security plan needs to play both defense and offense, Source URL: https://qz.com/europe-china-economic-security-1851199793, Category: Natural Disasters
2024-01-26 20:01:53,719 - INFO - Processing Article - Title: Sephora tweens are giving LVMH's profits a nice glow, Source URL: https://qz.com/sephora-tweens-lvmh-profits-boost-1851198488, Predicted Category: Others
2024-01-26 20:01:54,253 - INFO - Article Added to Database - Title: Sephora tweens are giving LVMH's profits a nice glow, Source URL: https://qz.com/sephora-tweens-lvmh-profits-boost-1851198488, Category: Others
2024-01-26 20:01:55,335 - INFO - Processing Article - Title: Microsoft, Google, Amazon, and more: 2024 starts with nearly 24,000 tech layoffs, Source URL: https://qz.com/google-amazon-apple-tech-layoffs-1851173569, Predicted Category: Terrorism/Protest/Political Unrest/Riot
2024-01-26 20:01:55,846 - INFO - Article Added to Database - Title: Microsoft, Google, Amazon, and more: 2024 starts with nearly 24,000 tech layoffs, Source URL: https://qz.com/google-amazon-apple-tech-layoffs-1851173569, Category: Terrorism/Protest/Political Unrest/Riot
2024-01-26 20:01:56,240 - INFO - Processing Article - Title: Tech layoffs are already on pace to surpass last year after another brutal week, Source URL: https://qz.com/tech-layoffs-might-surpass-2023-1851198088, Predicted Category: Others
2024-01-26 20:01:56,979 - INFO - Article Added to Database - Title: Tech layoffs are already on pace to surpass last year after another brutal week, Source URL: https://qz.com/tech-layoffs-might-surpass-2023-1851198088, Category: Others
2024-01-26 20:01:57,923 - INFO - Processing Article - Title: The Fed hasn't killed the economy yet, Source URL: https://qz.com/fed-interest-rate-cuts-not-coming-soon-1851197420, Predicted Category: Positive/Uplifting
2024-01-26 20:01:58,384 - INFO - Article Added to Database - Title: The Fed hasn't killed the economy yet, Source URL: https://qz.com/fed-interest-rate-cuts-not-coming-soon-1851197420, Category: Positive/Uplifting
2024-01-26 20:01:58,768 - INFO - Processing Article - Title: Americans are shopping their way to a stronger economy, Source URL: https://qz.com/shopping-is-driving-us-economy-1851196614, Predicted Category: Positive/Uplifting
2024-01-26 20:01:58,876 - INFO - Article Added to Database - Title: Americans are shopping their way to a stronger economy, Source URL: https://qz.com/shopping-is-driving-us-economy-1851196614, Category: Positive/Uplifting
2024-01-26 20:01:59,135 - INFO - Processing Article - Title: How to find a new job and make more money | Your Wallet, Source URL: https://qz.com/how-to-find-a-new-job-and-make-more-money-your-wallet-1851197222, Predicted Category: Others
2024-01-26 20:01:59,233 - INFO - Article Added to Database - Title: How to find a new job and make more money | Your Wallet, Source URL: https://qz.com/how-to-find-a-new-job-and-make-more-money-your-wallet-1851197222, Category: Others
2024-01-26 20:01:59,718 - INFO - Processing Article - Title: Tesla’s time in the sun is over as EV imports are soaring, Source URL: https://qz.com/tesla-outlook-ev-import-soar-1851196877, Predicted Category: Positive/Uplifting
2024-01-26 20:02:00,403 - INFO - Article Added to Database - Title: Tesla’s time in the sun is over as EV imports are soaring, Source URL: https://qz.com/tesla-outlook-ev-import-soar-1851196877, Category: Positive/Uplifting
2024-01-26 20:02:01,018 - INFO - Processing Article - Title: \U0001f680 Space Business: A lunar new year, Source URL: https://qz.com/emails/space-business/1851194792/space-business-a-lunar-new-year, Predicted Category: Others
2024-01-26 20:02:01,102 - INFO - Article Added to Database - Title: \U0001f680 Space Business: A lunar new year, Source URL: https://qz.com/emails/space-business/1851194792/space-business-a-lunar-new-year, Category: Others
2024-01-26 20:02:01,387 - INFO - Processing Article - Title: United and Alaska Airlines' Boeing 737 Max 9 planes will return to the air, Source URL: https://qz.com/737-max-9-united-alaska-return-to-air-1851196101, Predicted Category: Terrorism/Protest/Political Unrest/Riot
2024-01-26 20:02:01,475 - INFO - Article Added to Database - Title: United and Alaska Airlines' Boeing 737 Max 9 planes will return to the air, Source URL: https://qz.com/737-max-9-united-alaska-return-to-air-1851196101, Category: Terrorism/Protest/Political Unrest/Riot
2024-01-26 20:02:02,191 - INFO - Processing Article - Title: Subway made a big investment in new meat slicers and it's not looking good, Source URL: https://qz.com/subway-meat-slicers-1851195872, Predicted Category: Terrorism/Protest/Political Unrest/Riot
2024-01-26 20:02:03,382 - INFO - Article Added to Database - Title: Subway made a big investment in new meat slicers and it's not looking good, Source URL: https://qz.com/subway-meat-slicers-1851195872, Category: Terrorism/Protest/Political Unrest/Riot
2024-01-26 20:02:03,869 - INFO - Processing Article - Title: Huge market headwinds made house flipper profits less gigantic last year, Source URL: https://qz.com/selling-houses-less-profitable-2023-1851194261, Predicted Category: Positive/Uplifting
2024-01-26 20:02:03,956 - INFO - Article Added to Database - Title: Huge market headwinds made house flipper profits less gigantic last year, Source URL: https://qz.com/selling-houses-less-profitable-2023-1851194261, Category: Positive/Uplifting
2024-01-26 20:02:04,363 - INFO - Processing Article - Title: 2024's most powerful passports ranked, Source URL: https://qz.com/most-powerful-passports-2024-world-rankings-1851177985, Predicted Category: Others
2024-01-26 20:02:04,864 - INFO - Article Added to Database - Title: 2024's most powerful passports ranked, Source URL: https://qz.com/most-powerful-passports-2024-world-rankings-1851177985, Category: Others
2024-01-26 20:02:05,504 - INFO - Processing Article - Title: Tesla has been a tech stock stinker as Microsoft joins Apple in the $3 trillion club, Source URL: https://qz.com/tesla-stock-down-magnificent-seven-microsoft-apple-1851194022, Predicted Category: Terrorism/Protest/Political Unrest/Riot
2024-01-26 20:02:06,579 - INFO - Article Added to Database - Title: Tesla has been a tech stock stinker as Microsoft joins Apple in the $3 trillion club, Source URL: https://qz.com/tesla-stock-down-magnificent-seven-microsoft-apple-1851194022, Category: Terrorism/Protest/Political Unrest/Riot
2024-01-26 20:02:06,964 - INFO - Processing Article - Title: Shah Rukh Khan: The king of cinema is back, Source URL: https://qz.com/emails/quartz-obsession/1851193320/shah-rukh-khan-the-king-of-cinema-is-back, Predicted Category: Natural Disasters
2024-01-26 20:02:07,056 - INFO - Article Added to Database - Title: Shah Rukh Khan: The king of cinema is back, Source URL: https://qz.com/emails/quartz-obsession/1851193320/shah-rukh-khan-the-king-of-cinema-is-back, Category: Natural Disasters
2024-01-26 20:02:07,597 - INFO - Processing Article - Title: Netflix password-sharing crackdown and price hikes will drive revenue 'for years', Source URL: https://qz.com/netflix-password-sharing-crackdown-and-price-hikes-are-1851193478, Predicted Category: Terrorism/Protest/Political Unrest/Riot
2024-01-26 20:02:08,806 - INFO - Article Added to Database - Title: Netflix password-sharing crackdown and price hikes will drive revenue 'for years', Source URL: https://qz.com/netflix-password-sharing-crackdown-and-price-hikes-are-1851193478, Category: Terrorism/Protest/Political Unrest/Riot
2024-01-26 20:02:09,291 - INFO - Processing Article - Title: It turns out oil gets more expensive to ship when boats go boom in the Red Sea, Source URL: https://qz.com/fighting-red-sea-oil-prices-increasing-1851192473, Predicted Category: Positive/Uplifting
2024-01-26 20:02:10,643 - INFO - Article Added to Database - Title: It turns out oil gets more expensive to ship when boats go boom in the Red Sea, Source URL: https://qz.com/fighting-red-sea-oil-prices-increasing-1851192473, Category: Positive/Uplifting
2024-01-26 20:02:11,220 - INFO - Processing Article - Title: Musicians are bargaining with Hollywood over AI, Source URL: https://qz.com/afm-amptp-musicians-union-artificial-intelligence-1851192257, Predicted Category: Terrorism/Protest/Political Unrest/Riot
2024-01-26 20:02:12,122 - INFO - Article Added to Database - Title: Musicians are bargaining with Hollywood over AI, Source URL: https://qz.com/afm-amptp-musicians-union-artificial-intelligence-1851192257, Category: Terrorism/Protest/Political Unrest/Riot
2024-01-26 20:02:12,493 - INFO - Processing Article - Title: Writing your resume for a robot, Source URL: https://qz.com/emails/quartz-at-work/1851192214/writing-your-resume-for-a-robot, Predicted Category: Others
2024-01-26 20:02:13,279 - INFO - Article Added to Database - Title: Writing your resume for a robot, Source URL: https://qz.com/emails/quartz-at-work/1851192214/writing-your-resume-for-a-robot, Category: Others
2024-01-26 20:02:13,700 - INFO - Processing Article - Title: The best jobs of 2024, according to Indeed, Source URL: https://qz.com/best-jobs-2024-indeed-mental-healthcare-1851190781, Predicted Category: Others
2024-01-26 20:02:14,782 - INFO - Article Added to Database - Title: The best jobs of 2024, according to Indeed, Source URL: https://qz.com/best-jobs-2024-indeed-mental-healthcare-1851190781, Category: Others
2024-01-26 20:02:15,282 - INFO - Processing Article - Title: Why the US economy might be headed for a bumpy landing | Smart Investing, Source URL: https://qz.com/why-the-us-economy-might-be-headed-for-a-bumpy-landing-1851189884, Predicted Category: Others
2024-01-26 20:02:16,236 - INFO - Article Added to Database - Title: Why the US economy might be headed for a bumpy landing | Smart Investing, Source URL: https://qz.com/why-the-us-economy-might-be-headed-for-a-bumpy-landing-1851189884, Category: Others
2024-01-26 20:02:16,786 - INFO - Processing Article - Title: AI is coming for your job application long before it comes for your job, Source URL: https://qz.com/hr-software-ai-algorithms-bias-1851190372, Predicted Category: Positive/Uplifting
2024-01-26 20:02:17,859 - INFO - Article Added to Database - Title: AI is coming for your job application long before it comes for your job, Source URL: https://qz.com/hr-software-ai-algorithms-bias-1851190372, Category: Positive/Uplifting
2024-01-26 20:02:18,286 - INFO - Processing Article - Title: United Airlines says growth will slow for years because of Boeing's 737 troubles, Source URL: https://qz.com/united-airlines-says-its-growth-will-slow-for-years-bec-1851189943, Predicted Category: Positive/Uplifting
2024-01-26 20:02:19,042 - INFO - Article Added to Database - Title: United Airlines says growth will slow for years because of Boeing's 737 troubles, Source URL: https://qz.com/united-airlines-says-its-growth-will-slow-for-years-bec-1851189943, Category: Positive/Uplifting
2024-01-26 20:02:20,448 - INFO - Processing Article - Title: Lots of people started selling bitcoin after the SEC made it easier to buy, Source URL: https://qz.com/lots-of-people-started-selling-bitcoin-after-the-sec-ma-1851190395, Predicted Category: Terrorism/Protest/Political Unrest/Riot
2024-01-26 20:02:21,545 - INFO - Article Added to Database - Title: Lots of people started selling bitcoin after the SEC made it easier to buy, Source URL: https://qz.com/lots-of-people-started-selling-bitcoin-after-the-sec-ma-1851190395, Category: Terrorism/Protest/Political Unrest/Riot
2024-01-26 20:02:22,967 - INFO - Processing Article - Title: Brex, once a Silicon Valley darling, is laying off 20% of its workforce, Source URL: https://qz.com/brex-once-a-silicon-valley-darling-is-laying-off-20-1851189051, Predicted Category: Terrorism/Protest/Political Unrest/Riot
2024-01-26 20:02:24,249 - INFO - Article Added to Database - Title: Brex, once a Silicon Valley darling, is laying off 20% of its workforce, Source URL: https://qz.com/brex-once-a-silicon-valley-darling-is-laying-off-20-1851189051, Category: Terrorism/Protest/Political Unrest/Riot
2024-01-26 20:02:24,833 - INFO - Processing Article - Title: Netflix is paying $5 billion to be the home of WWE's Monday Night Raw, Source URL: https://qz.com/netflix-is-paying-5-billion-to-be-the-home-of-wwes-mon-1851188480, Predicted Category: Positive/Uplifting
2024-01-26 20:02:24,941 - INFO - Article Added to Database - Title: Netflix is paying $5 billion to be the home of WWE's Monday Night Raw, Source URL: https://qz.com/netflix-is-paying-5-billion-to-be-the-home-of-wwes-mon-1851188480, Category: Positive/Uplifting
2024-01-26 20:02:25,283 - INFO - Processing Article - Title: TikTok workers feel tech's troubles as the company cuts 60 jobs, Source URL: https://qz.com/tiktok-workers-feel-techs-troubles-as-the-company-cuts-1851188391, Predicted Category: Terrorism/Protest/Political Unrest/Riot
2024-01-26 20:02:26,711 - INFO - Article Added to Database - Title: TikTok workers feel tech's troubles as the company cuts 60 jobs, Source URL: https://qz.com/tiktok-workers-feel-techs-troubles-as-the-company-cuts-1851188391, Category: Terrorism/Protest/Political Unrest/Riot
2024-01-26 20:02:27,672 - INFO - Processing Article - Title: China is importing fewer chips and more chipmaking machines, Source URL: https://qz.com/china-import-fewer-semiconductors-more-chipmaking-machi-1851188247, Predicted Category: Terrorism/Protest/Political Unrest/Riot
2024-01-26 20:02:28,467 - INFO - Article Added to Database - Title: China is importing fewer chips and more chipmaking machines, Source URL: https://qz.com/china-import-fewer-semiconductors-more-chipmaking-machi-1851188247, Category: Terrorism/Protest/Political Unrest/Riot
2024-01-26 20:02:28,872 - INFO - Processing Article - Title: One way China is growing more dependent on Taiwan, Source URL: https://qz.com/china-taiwan-intermediate-goods-1851187726, Predicted Category: Positive/Uplifting
2024-01-26 20:02:29,879 - INFO - Article Added to Database - Title: One way China is growing more dependent on Taiwan, Source URL: https://qz.com/china-taiwan-intermediate-goods-1851187726, Category: Positive/Uplifting
2024-01-26 20:02:30,354 - INFO - Processing Article - Title: 1.8 billion reasons why Wall Street loves the fashion world's favorite hiking sneakers, Source URL: https://qz.com/1-8-billion-reasons-why-wall-street-loves-the-fashion-w-1851186408, Predicted Category: Others
2024-01-26 20:02:31,218 - INFO - Article Added to Database - Title: 1.8 billion reasons why Wall Street loves the fashion world's favorite hiking sneakers, Source URL: https://qz.com/1-8-billion-reasons-why-wall-street-loves-the-fashion-w-1851186408, Category: Others
2024-01-26 20:02:32,033 - INFO - Processing Article - Title: Millions live near US railways shipping the toxic chemical that contaminated East Palestine, Ohio, Source URL: https://qz.com/millions-live-near-us-railways-shipping-the-toxic-chemi-1851186374, Predicted Category: Terrorism/Protest/Political Unrest/Riot
2024-01-26 20:02:33,202 - INFO - Article Added to Database - Title: Millions live near US railways shipping the toxic chemical that contaminated East Palestine, Ohio, Source URL: https://qz.com/millions-live-near-us-railways-shipping-the-toxic-chemi-1851186374, Category: Terrorism/Protest/Political Unrest/Riot
2024-01-26 20:02:34,397 - INFO - Processing Article - Title: It's expensive to replace humans with AI, MIT says, Source URL: https://qz.com/mit-research-jobs-ai-computer-vision-high-cost-1851184898, Predicted Category: Positive/Uplifting
2024-01-26 20:02:35,007 - INFO - Article Added to Database - Title: It's expensive to replace humans with AI, MIT says, Source URL: https://qz.com/mit-research-jobs-ai-computer-vision-high-cost-1851184898, Category: Positive/Uplifting
2024-01-26 20:02:35,921 - INFO - Processing Article - Title: ExxonMobil is suing its own shareholders over a proposal aimed at reducing emissions, Source URL: https://qz.com/exxonmobil-is-suing-its-own-shareholders-over-a-proposa-1851186217, Predicted Category: Terrorism/Protest/Political Unrest/Riot
2024-01-26 20:02:36,394 - INFO - Article Added to Database - Title: ExxonMobil is suing its own shareholders over a proposal aimed at reducing emissions, Source URL: https://qz.com/exxonmobil-is-suing-its-own-shareholders-over-a-proposa-1851186217, Category: Terrorism/Protest/Political Unrest/Riot
2024-01-26 20:02:37,439 - INFO - Processing Article - Title: Apple's Vision Pro headsets are "still very niche" despite a sellout in pre-ordering, expert says, Source URL: https://qz.com/apples-vision-pro-headsets-are-still-very-niche-despi-1851185621, Predicted Category: Positive/Uplifting
2024-01-26 20:02:38,002 - INFO - Article Added to Database - Title: Apple's Vision Pro headsets are "still very niche" despite a sellout in pre-ordering, expert says, Source URL: https://qz.com/apples-vision-pro-headsets-are-still-very-niche-despi-1851185621, Category: Positive/Uplifting
2024-01-26 20:02:38,735 - INFO - Processing Article - Title: Baby boomers are hoarding houses and leaving a laundry list of big fixes for younger buyers, Source URL: https://qz.com/us-baby-boomers-are-hoarding-houses-and-leaving-a-laund-1851185323, Predicted Category: Natural Disasters
2024-01-26 20:02:39,366 - INFO - Article Added to Database - Title: Baby boomers are hoarding houses and leaving a laundry list of big fixes for younger buyers, Source URL: https://qz.com/us-baby-boomers-are-hoarding-houses-and-leaving-a-laund-1851185323, Category: Natural Disasters
2024-01-26 20:02:39,929 - INFO - Processing Article - Title: The airlines with the greatest share of Boeing's second troubled model, Source URL: https://qz.com/alaska-airlines-has-the-greatest-share-of-boeings-secon-1851185357, Predicted Category: Terrorism/Protest/Political Unrest/Riot
2024-01-26 20:02:40,540 - INFO - Article Added to Database - Title: The airlines with the greatest share of Boeing's second troubled model, Source URL: https://qz.com/alaska-airlines-has-the-greatest-share-of-boeings-secon-1851185357, Category: Terrorism/Protest/Political Unrest/Riot
2024-01-26 20:02:40,931 - INFO - Processing Article - Title: \U0001f30e Electric trucks don’t have that spark, Source URL: https://qz.com/emails/daily-brief/1851183984/electric-trucks-don-t-have-that-spark, Predicted Category: Terrorism/Protest/Political Unrest/Riot
2024-01-26 20:02:41,429 - INFO - Article Added to Database - Title: \U0001f30e Electric trucks don’t have that spark, Source URL: https://qz.com/emails/daily-brief/1851183984/electric-trucks-don-t-have-that-spark, Category: Terrorism/Protest/Political Unrest/Riot
2024-01-26 20:02:42,085 - INFO - Processing Article - Title: 6 takeaways from the 2024 World Economic Forum in Davos, Source URL: https://qz.com/davos-2024-world-economic-forum-highlights-1851181368, Predicted Category: Others
2024-01-26 20:02:42,167 - INFO - Article Added to Database - Title: 6 takeaways from the 2024 World Economic Forum in Davos, Source URL: https://qz.com/davos-2024-world-economic-forum-highlights-1851181368, Category: Others
2024-01-26 20:02:42,475 - INFO - Processing Article - Title: Equinox’s new ad campaign features lots of sex — but little fitness, Source URL: https://qz.com/equinox-gym-ads-sex-fitness-1851181149, Predicted Category: Natural Disasters
2024-01-26 20:02:43,582 - INFO - Article Added to Database - Title: Equinox’s new ad campaign features lots of sex — but little fitness, Source URL: https://qz.com/equinox-gym-ads-sex-fitness-1851181149, Category: Natural Disasters
2024-01-26 20:02:44,120 - INFO - Processing Article - Title: An eerie tour of the world's abandoned airports, Source URL: https://qz.com/abandoned-airports-1851180994, Predicted Category: Positive/Uplifting
2024-01-26 20:02:44,855 - INFO - Article Added to Database - Title: An eerie tour of the world's abandoned airports, Source URL: https://qz.com/abandoned-airports-1851180994, Category: Positive/Uplifting
2024-01-26 20:02:45,553 - INFO - Processing Article - Title: How Apple's Vision Pro could change the workplace, according to a labor expert, Source URL: https://qz.com/how-apple-vision-pro-headsets-could-change-workplace-1851180414, Predicted Category: Others
2024-01-26 20:02:46,063 - INFO - Article Added to Database - Title: How Apple's Vision Pro could change the workplace, according to a labor expert, Source URL: https://qz.com/how-apple-vision-pro-headsets-could-change-workplace-1851180414, Category: Others
2024-01-26 20:02:47,237 - INFO - Processing Article - Title: Weekend Tech Innovation Roundup January 20, 2024, Source URL: https://qz.com/weekend-tech-innovation-roundup-january-20-2024-1851180130, Predicted Category: Others
2024-01-26 20:02:47,728 - INFO - Article Added to Database - Title: Weekend Tech Innovation Roundup January 20, 2024, Source URL: https://qz.com/weekend-tech-innovation-roundup-january-20-2024-1851180130, Category: Others
2024-01-26 20:02:48,818 - INFO - Processing Article - Title: Weekend Money Markets Roundup January 20, 2024, Source URL: https://qz.com/weekend-money-markets-roundup-january-20-2024-1851180129, Predicted Category: Terrorism/Protest/Political Unrest/Riot
2024-01-26 20:02:50,392 - INFO - Article Added to Database - Title: Weekend Money Markets Roundup January 20, 2024, Source URL: https://qz.com/weekend-money-markets-roundup-january-20-2024-1851180129, Category: Terrorism/Protest/Political Unrest/Riot
2024-01-26 20:02:51,150 - INFO - Processing Article - Title: Weekend Business News Roundup January 20, 2024, Source URL: https://qz.com/weekend-business-news-roundup-january-20-2024-1851180128, Predicted Category: Terrorism/Protest/Political Unrest/Riot
2024-01-26 20:02:51,220 - INFO - Article Added to Database - Title: Weekend Business News Roundup January 20, 2024, Source URL: https://qz.com/weekend-business-news-roundup-january-20-2024-1851180128, Category: Terrorism/Protest/Political Unrest/Riot
2024-01-26 20:02:51,574 - INFO - Processing Article - Title: An app company in Kazakhstan just had the biggest IPO since Birkenstock, Source URL: https://qz.com/kaspi-kz-app-ipo-1851181285, Predicted Category: Terrorism/Protest/Political Unrest/Riot
2024-01-26 20:02:52,301 - INFO - Article Added to Database - Title: An app company in Kazakhstan just had the biggest IPO since Birkenstock, Source URL: https://qz.com/kaspi-kz-app-ipo-1851181285, Category: Terrorism/Protest/Political Unrest/Riot
2024-01-26 20:02:53,518 - INFO - Processing Article - Title: 1 sentence got Spirit Airlines stock back in the air, Source URL: https://qz.com/1-sentence-spirit-airlines-shares-up-more-20-percent-1851180451, Predicted Category: Terrorism/Protest/Political Unrest/Riot
2024-01-26 20:02:53,876 - INFO - Article Added to Database - Title: 1 sentence got Spirit Airlines stock back in the air, Source URL: https://qz.com/1-sentence-spirit-airlines-shares-up-more-20-percent-1851180451, Category: Terrorism/Protest/Political Unrest/Riot
2024-01-26 20:02:54,379 - INFO - Processing Article - Title: Drug makers just hiked prices for Ozempic and a lot of other drugs, Source URL: https://qz.com/ozempic-wegovy-wellbutrin-oxycontin-drug-price-increase-1851180918, Predicted Category: Positive/Uplifting
2024-01-26 20:02:55,645 - INFO - Article Added to Database - Title: Drug makers just hiked prices for Ozempic and a lot of other drugs, Source URL: https://qz.com/ozempic-wegovy-wellbutrin-oxycontin-drug-price-increase-1851180918, Category: Positive/Uplifting
2024-01-26 20:02:56,332 - INFO - Processing Article - Title: Delaware governor proposes state budget increase despite predicted revenue decline, Source URL: https://www.foxnews.com/politics/delaware-governor-proposes-state-budget-increase-despite-predicted-revenue-decline, Predicted Category: Natural Disasters
2024-01-26 20:02:56,333 - ERROR - Error processing article: time data 'Fri, 26 Jan 2024 09:20:36 -0500' does not match format '%a, %d %b %Y %H:%M:%S GMT'
2024-01-26 20:02:56,439 - INFO - Processing Article - Title: Georgia legislators approve bill defining antisemitism in state law, Source URL: https://www.foxnews.com/politics/georgia-legislators-approve-bill-defining-antisemitism-state-law, Predicted Category: Terrorism/Protest/Political Unrest/Riot
2024-01-26 20:02:56,441 - ERROR - Error processing article: time data 'Fri, 26 Jan 2024 09:11:51 -0500' does not match format '%a, %d %b %Y %H:%M:%S GMT'
2024-01-26 20:02:56,579 - INFO - Processing Article - Title: Trump opposes plan to pressure RNC into making him the GOP's 'presumptive nominee', Source URL: https://www.foxnews.com/politics/trump-opposes-plan-pressure-rnc-making-gops-presumptive-nominee, Predicted Category: Terrorism/Protest/Political Unrest/Riot
2024-01-26 20:02:56,581 - ERROR - Error processing article: time data 'Fri, 26 Jan 2024 08:53:04 -0500' does not match format '%a, %d %b %Y %H:%M:%S GMT'
2024-01-26 20:02:56,709 - INFO - Processing Article - Title: Justice Department announces new resources to combat violent crime in DC, Source URL: https://www.foxnews.com/politics/justice-department-announces-new-resources-combat-violent-crime-dc, Predicted Category: Others
2024-01-26 20:02:56,710 - ERROR - Error processing article: time data 'Fri, 26 Jan 2024 08:35:46 -0500' does not match format '%a, %d %b %Y %H:%M:%S GMT'
2024-01-26 20:02:56,825 - INFO - Processing Article - Title: West Virginia legislators reject bill to expand law enforcement database of DNA, Source URL: https://www.foxnews.com/politics/west-virginia-legislators-reject-bill-expand-law-enforcement-database-dna, Predicted Category: Terrorism/Protest/Political Unrest/Riot
2024-01-26 20:02:56,826 - ERROR - Error processing article: time data 'Fri, 26 Jan 2024 08:27:06 -0500' does not match format '%a, %d %b %Y %H:%M:%S GMT'
2024-01-26 20:02:56,941 - INFO - Processing Article - Title: Senate Commerce Republicans probe Chicago’s migrant shelters at airports, warn of 'illegal immigrant magnet', Source URL: https://www.foxnews.com/politics/senate-commerce-republicans-probe-chicagos-migrant-shelters-at-airports-warn-of-illegal-immigrant-magnet, Predicted Category: Natural Disasters
2024-01-26 20:02:56,942 - ERROR - Error processing article: time data 'Fri, 26 Jan 2024 07:31:34 -0500' does not match format '%a, %d %b %Y %H:%M:%S GMT'
2024-01-26 20:02:57,061 - INFO - Processing Article - Title: First-ever chief White House diversity advisor leaving Biden administration, Source URL: https://www.foxnews.com/politics/first-ever-chief-white-house-diversity-advisor-leaving-biden-administration, Predicted Category: Terrorism/Protest/Political Unrest/Riot
2024-01-26 20:02:57,062 - ERROR - Error processing article: time data 'Fri, 26 Jan 2024 07:14:48 -0500' does not match format '%a, %d %b %Y %H:%M:%S GMT'
2024-01-26 20:02:57,178 - INFO - Processing Article - Title: PA Gov. Shapiro to address state's struggling higher education system in upcoming budget proposal, Source URL: https://www.foxnews.com/politics/pa-gov-shapiro-address-states-struggling-higher-education-system-upcoming-budget-proposal, Predicted Category: Others
2024-01-26 20:02:57,179 - ERROR - Error processing article: time data 'Fri, 26 Jan 2024 06:51:14 -0500' does not match format '%a, %d %b %Y %H:%M:%S GMT'
2024-01-26 20:02:57,273 - INFO - Processing Article - Title: White House halts enormous natural gas projects in victory for environmentalists, Source URL: https://www.foxnews.com/politics/white-house-halts-enormous-natural-gas-projects-victory-environmentalists, Predicted Category: Terrorism/Protest/Political Unrest/Riot
2024-01-26 20:02:57,471 - ERROR - Error processing article: time data 'Fri, 26 Jan 2024 05:00:36 -0500' does not match format '%a, %d %b %Y %H:%M:%S GMT'
2024-01-26 20:02:57,577 - INFO - Processing Article - Title: Several senior House Republicans still silent on Trump 2024 amid growing pressure for party unity, Source URL: https://www.foxnews.com/politics/several-senior-house-republicans-still-silent-trump-2024-growing-pressure-party-unity, Predicted Category: Positive/Uplifting
2024-01-26 20:02:57,578 - ERROR - Error processing article: time data 'Fri, 26 Jan 2024 04:00:38 -0500' does not match format '%a, %d %b %Y %H:%M:%S GMT'
2024-01-26 20:02:57,697 - INFO - Processing Article - Title: Haley faces growing calls to leave 2024 race as RNC nearly considers declaring Trump the presumptive nominee, Source URL: https://www.foxnews.com/politics/nikki-haley-facing-growing-calls-leave-2024-race-rnc-nearly-considers-declaring-trump-presumptive-nominee, Predicted Category: Positive/Uplifting
2024-01-26 20:02:57,699 - ERROR - Error processing article: time data 'Fri, 26 Jan 2024 04:00:27 -0500' does not match format '%a, %d %b %Y %H:%M:%S GMT'
2024-01-26 20:02:57,829 - INFO - Processing Article - Title: House members press Biden to withdraw court nominee with ties to 9/11 hijacker sympathizers: ‘Grave concerns’, Source URL: https://www.foxnews.com/politics/house-members-press-biden-to-withdraw-court-nominee-with-ties-to-9-11-hijacker-sympathizers-grave-concerns, Predicted Category: Terrorism/Protest/Political Unrest/Riot
2024-01-26 20:02:57,830 - ERROR - Error processing article: time data 'Fri, 26 Jan 2024 04:00:18 -0500' does not match format '%a, %d %b %Y %H:%M:%S GMT'
2024-01-26 20:02:57,959 - INFO - Processing Article - Title: Nonpartisan watchdog releases report outlining top election security threats for 2024: 'A lot can go sideways', Source URL: https://www.foxnews.com/politics/nonpartisan-watchdog-releases-report-outlining-top-election-security-threats-for-2024-a-lot-can-go-sideways, Predicted Category: Terrorism/Protest/Political Unrest/Riot
2024-01-26 20:02:57,961 - ERROR - Error processing article: time data 'Fri, 26 Jan 2024 04:00:10 -0500' does not match format '%a, %d %b %Y %H:%M:%S GMT'
2024-01-26 20:02:58,119 - INFO - Processing Article - Title: Hunter Biden biz associate Rob Walker to testify on being alleged 'vehicle' for Biden family's foreign funds, Source URL: https://www.foxnews.com/politics/hunter-biden-biz-associate-rob-walker-testify-being-alleged-vehicle-biden-familys-foreign-funds, Predicted Category: Others
2024-01-26 20:02:58,120 - ERROR - Error processing article: time data 'Fri, 26 Jan 2024 04:00:05 -0500' does not match format '%a, %d %b %Y %H:%M:%S GMT'
2024-01-26 20:02:58,247 - INFO - Processing Article - Title: Kentucky House passes 'three-strikes' violent crime bill: 'Reasserting some basic and simple truths', Source URL: https://www.foxnews.com/politics/kentucky-house-passes-three-strikes-violent-crime-bill-reasserting-some-basic-simple-truths, Predicted Category: Terrorism/Protest/Political Unrest/Riot
2024-01-26 20:02:58,249 - ERROR - Error processing article: time data 'Fri, 26 Jan 2024 03:09:16 -0500' does not match format '%a, %d %b %Y %H:%M:%S GMT'
2024-01-26 20:02:58,363 - INFO - Processing Article - Title: Abolish borders activist says she met with Biden administration ICE chief, Source URL: https://www.foxnews.com/politics/abolish-borders-activist-met-biden-administration-ice-chief, Predicted Category: Terrorism/Protest/Political Unrest/Riot
2024-01-26 20:02:58,365 - ERROR - Error processing article: time data 'Thu, 25 Jan 2024 22:23:55 -0500' does not match format '%a, %d %b %Y %H:%M:%S GMT'
2024-01-26 20:02:58,486 - INFO - Processing Article - Title: Harry Connick Sr, longtime New Orleans DA and singer's dad, dead at 97, Source URL: https://www.foxnews.com/politics/harry-connick-senior-longtime-new-orleans-district-attorney-singers-dad-dead-ninety-seven, Predicted Category: Terrorism/Protest/Political Unrest/Riot
2024-01-26 20:02:58,488 - ERROR - Error processing article: time data 'Thu, 25 Jan 2024 21:34:25 -0500' does not match format '%a, %d %b %Y %H:%M:%S GMT'
2024-01-26 20:02:58,603 - INFO - Processing Article - Title: Alabama congressman says everyone 'has some type of racist in them' during debate: report, Source URL: https://www.foxnews.com/politics/alabama-congressman-everyone-some-type-racist-them-during-debate-report, Predicted Category: Terrorism/Protest/Political Unrest/Riot
2024-01-26 20:02:58,604 - ERROR - Error processing article: time data 'Thu, 25 Jan 2024 21:22:41 -0500' does not match format '%a, %d %b %Y %H:%M:%S GMT'
2024-01-26 20:02:58,734 - INFO - Processing Article - Title: Texas AG Ken Paxton says state won’t comply with Biden administration order to reopen park to federal agents, Source URL: https://www.foxnews.com/politics/texas-attorney-general-ken-paxton-state-wont-comply-biden-administration-order-reopen-park-federal-agents, Predicted Category: Terrorism/Protest/Political Unrest/Riot
2024-01-26 20:02:58,735 - ERROR - Error processing article: time data 'Thu, 25 Jan 2024 21:14:22 -0500' does not match format '%a, %d %b %Y %H:%M:%S GMT'
2024-01-26 20:02:58,839 - INFO - Processing Article - Title: Texas governor doing 'exactly right thing' amid constitutional battle over border enforcement: legal experts, Source URL: https://www.foxnews.com/politics/texas-gov-doing-exactly-right-thing-amid-constitutional-battle-ever-border-enforcement-legal-experts, Predicted Category: Terrorism/Protest/Political Unrest/Riot
2024-01-26 20:02:58,841 - ERROR - Error processing article: time data 'Thu, 25 Jan 2024 19:18:52 -0500' does not match format '%a, %d %b %Y %H:%M:%S GMT'
2024-01-26 20:02:58,968 - INFO - Processing Article - Title: Trump, RFK Jr side with Texas in border fight with Biden admin as 25 states show support, Source URL: https://www.foxnews.com/politics/trump-rfk-jr-side-texas-border-fight-biden-admin-states-show-support, Predicted Category: Others
2024-01-26 20:02:58,969 - ERROR - Error processing article: time data 'Thu, 25 Jan 2024 19:04:35 -0500' does not match format '%a, %d %b %Y %H:%M:%S GMT'
2024-01-26 20:02:59,103 - INFO - Processing Article - Title: Fetterman rejects top Democrat's attempted crackdown on Zyn: 'On the side of more freedom', Source URL: https://www.foxnews.com/politics/fetterman-rejects-top-democrats-attempted-crackdown-zyn, Predicted Category: Terrorism/Protest/Political Unrest/Riot
2024-01-26 20:02:59,104 - ERROR - Error processing article: time data 'Thu, 25 Jan 2024 18:08:55 -0500' does not match format '%a, %d %b %Y %H:%M:%S GMT'
2024-01-26 20:02:59,221 - INFO - Processing Article - Title: Trump urges states to surge National Guard to Texas as Abbott standoff with Biden accelerates, Source URL: https://www.foxnews.com/politics/trump-urges-states-surge-national-guard-texas-abbott-standoff-with-biden-accelerates, Predicted Category: Terrorism/Protest/Political Unrest/Riot
2024-01-26 20:02:59,222 - ERROR - Error processing article: time data 'Thu, 25 Jan 2024 17:58:06 -0500' does not match format '%a, %d %b %Y %H:%M:%S GMT'
2024-01-26 20:02:59,350 - INFO - Processing Article - Title: Democrats blast impeachment inquiry after GOP witness says he was 'unaware' of Joe Biden's role in family biz, Source URL: https://www.foxnews.com/politics/democrats-blast-impeachment-inquiry-gop-witness-unaware-joe-biden-role-family-biz, Predicted Category: Terrorism/Protest/Political Unrest/Riot
2024-01-26 20:02:59,351 - ERROR - Error processing article: time data 'Thu, 25 Jan 2024 17:55:54 -0500' does not match format '%a, %d %b %Y %H:%M:%S GMT'
2024-01-26 20:02:59,463 - INFO - Processing Article - Title: Senate GOP in 'quandary' over border security, Ukraine aid package: 'Designed not to solve the problem', Source URL: https://www.foxnews.com/politics/senate-gop-in-quandary-over-border-security-ukraine-aid-package, Predicted Category: Terrorism/Protest/Political Unrest/Riot
2024-01-26 20:02:59,465 - ERROR - Error processing article: time data 'Thu, 25 Jan 2024 17:53:35 -0500' does not match format '%a, %d %b %Y %H:%M:%S GMT'
2024-01-26 20:02:59,773 - ERROR - Unexpected error: <urlopen error [Errno 11001] getaddrinfo failed>
2024-01-26 20:03:01,653 - INFO - Processing Article - Title: Xi Jinping celebrates China’s rising power — and his own, Source URL: http://www.pbs.org/newshour/bb/xi-jinping-celebrates-chinas-rising-power/, Predicted Category: Others
2024-01-26 20:03:01,655 - ERROR - Error processing article: time data 'Wed, 18 Oct 2017 22:35:21 +0000' does not match format '%a, %d %b %Y %H:%M:%S GMT'
2024-01-26 20:03:02,832 - INFO - Processing Article - Title: The battle for Mosul is over, but this hidden ISIS danger could lurk for years, Source URL: http://www.pbs.org/newshour/bb/battle-mosul-hidden-isis-danger-lurk-years/, Predicted Category: Others
2024-01-26 20:03:02,833 - ERROR - Error processing article: time data 'Wed, 18 Oct 2017 22:20:26 +0000' does not match format '%a, %d %b %Y %H:%M:%S GMT'
2024-01-26 20:03:03,900 - INFO - Processing Article - Title: As Rohingya refugees continue to flee from persecution, here’s how you can help, Source URL: http://www.pbs.org/newshour/rundown/rohingya-refugees-continue-flee-persecution-heres-can-help/, Predicted Category: Others
2024-01-26 20:03:03,901 - ERROR - Error processing article: time data 'Wed, 18 Oct 2017 20:58:34 +0000' does not match format '%a, %d %b %Y %H:%M:%S GMT'
2024-01-26 20:03:04,928 - INFO - Processing Article - Title: Tillerson: ‘Heartbreaking’ reports of suffering in Myanmar, Source URL: http://www.pbs.org/newshour/rundown/tillerson-heartbreaking-reports-suffering-myanmar/, Predicted Category: Terrorism/Protest/Political Unrest/Riot
2024-01-26 20:03:04,929 - ERROR - Error processing article: time data 'Wed, 18 Oct 2017 15:36:51 +0000' does not match format '%a, %d %b %Y %H:%M:%S GMT'
2024-01-26 20:03:06,027 - INFO - Processing Article - Title: Far-right groups gain ground in Sweden and Germany amid migrant influx, Source URL: http://www.pbs.org/newshour/bb/far-right-groups-gain-ground-sweden-germany-amid-migrant-influx/, Predicted Category: Others
2024-01-26 20:03:06,028 - ERROR - Error processing article: time data 'Tue, 17 Oct 2017 22:30:37 +0000' does not match format '%a, %d %b %Y %H:%M:%S GMT'
2024-01-26 20:03:07,273 - INFO - Processing Article - Title: U.S.-backed Syrian forces recapture Raqqa from Islamic State group, Source URL: http://www.pbs.org/newshour/rundown/u-s-backed-syrian-forces-recapture-raqqa-from-islamic-state-group/, Predicted Category: Terrorism/Protest/Political Unrest/Riot
2024-01-26 20:03:07,275 - ERROR - Error processing article: time data 'Tue, 17 Oct 2017 16:57:20 +0000' does not match format '%a, %d %b %Y %H:%M:%S GMT'
2024-01-26 20:03:08,485 - INFO - Processing Article - Title: WATCH: Trump and Greek prime minister hold joint news conference, Source URL: http://www.pbs.org/newshour/rundown/watch-live-trump-and-greek-prime-minister-hold-joint-press-conference/, Predicted Category: Terrorism/Protest/Political Unrest/Riot
2024-01-26 20:03:08,486 - ERROR - Error processing article: time data 'Tue, 17 Oct 2017 16:28:24 +0000' does not match format '%a, %d %b %Y %H:%M:%S GMT'
2024-01-26 20:03:09,812 - INFO - Processing Article - Title: U.S., Japan agree to maximize diplomatic pressure on North Korea, Source URL: http://www.pbs.org/newshour/rundown/u-s-japan-agree-maximize-diplomatic-pressure-north-korea/, Predicted Category: Terrorism/Protest/Political Unrest/Riot
2024-01-26 20:03:09,814 - ERROR - Error processing article: time data 'Tue, 17 Oct 2017 13:01:05 +0000' does not match format '%a, %d %b %Y %H:%M:%S GMT'
2024-01-26 20:03:11,220 - INFO - Processing Article - Title: News Wrap: Dozens missing after deadly Mogadishu truck bombing, Source URL: http://www.pbs.org/newshour/bb/news-wrap-dozens-missing-deadly-mogadishu-truck-bombing/, Predicted Category: Terrorism/Protest/Political Unrest/Riot
2024-01-26 20:03:11,221 - ERROR - Error processing article: time data 'Mon, 16 Oct 2017 22:45:17 +0000' does not match format '%a, %d %b %Y %H:%M:%S GMT'
2024-01-26 20:03:12,423 - INFO - Processing Article - Title: Why a power struggle has broken out over Kirkuk, Source URL: http://www.pbs.org/newshour/bb/power-struggle-broken-kirkuk/, Predicted Category: Positive/Uplifting
2024-01-26 20:03:12,424 - ERROR - Error processing article: time data 'Mon, 16 Oct 2017 22:40:31 +0000' does not match format '%a, %d %b %Y %H:%M:%S GMT'
2024-01-26 20:03:13,892 - INFO - Processing Article - Title: Rex Tillerson says continue diplomacy with North Korea ‘until first bomb drops’, Source URL: http://www.pbs.org/newshour/rundown/rex-tillerson-says-continue-diplomacy-north-korea-first-bomb-drops/, Predicted Category: Terrorism/Protest/Political Unrest/Riot
2024-01-26 20:03:13,893 - ERROR - Error processing article: time data 'Mon, 16 Oct 2017 11:08:00 +0000' does not match format '%a, %d %b %Y %H:%M:%S GMT'
2024-01-26 20:03:15,140 - INFO - Processing Article - Title: Iraqi, Kurdish forces in standoff, weeks after Kurdish vote for independence, Source URL: http://www.pbs.org/newshour/bb/iraqi-kurdish-forces-standoff-weeks-kurdish-vote-independence/, Predicted Category: Terrorism/Protest/Political Unrest/Riot
2024-01-26 20:03:15,141 - ERROR - Error processing article: time data 'Sun, 15 Oct 2017 20:33:23 +0000' does not match format '%a, %d %b %Y %H:%M:%S GMT'
2024-01-26 20:03:16,575 - INFO - Processing Article - Title: South Sudan civil war causes Africa’s worst refugee crisis, Source URL: http://www.pbs.org/newshour/bb/south-sudan-civil-war-causes-africas-worst-refugee-crisis/, Predicted Category: Terrorism/Protest/Political Unrest/Riot
2024-01-26 20:03:16,577 - ERROR - Error processing article: time data 'Sun, 15 Oct 2017 19:26:17 +0000' does not match format '%a, %d %b %Y %H:%M:%S GMT'
2024-01-26 20:03:18,020 - INFO - Processing Article - Title: Hundreds dead after massive truck bomb strikes Mogadishu, Source URL: http://www.pbs.org/newshour/rundown/hundreds-dead-massive-truck-bomb-strikes-mogadishu/, Predicted Category: Terrorism/Protest/Political Unrest/Riot
2024-01-26 20:03:18,021 - ERROR - Error processing article: time data 'Sun, 15 Oct 2017 16:27:49 +0000' does not match format '%a, %d %b %Y %H:%M:%S GMT'
2024-01-26 20:03:19,074 - INFO - Processing Article - Title: Column: Why reporting from South Sudan is so difficult — and critically needed, Source URL: http://www.pbs.org/newshour/updates/reporters-notebook-reporting-south-sudan-difficult-critically-needed/, Predicted Category: Positive/Uplifting
2024-01-26 20:03:19,075 - ERROR - Error processing article: time data 'Sun, 15 Oct 2017 14:27:40 +0000' does not match format '%a, %d %b %Y %H:%M:%S GMT'
2024-01-26 20:03:20,152 - INFO - Processing Article - Title: Women take the lead in India’s Republic Day parade, Source URL: https://www.bbc.co.uk/news/world-asia-india-68091821?at_medium=RSS&at_campaign=KARANGA, Predicted Category: Others
2024-01-26 20:03:20,470 - INFO - Article Added to Database - Title: Women take the lead in India’s Republic Day parade, Source URL: https://www.bbc.co.uk/news/world-asia-india-68091821?at_medium=RSS&at_campaign=KARANGA, Category: Others
2024-01-26 20:03:20,663 - INFO - Processing Article - Title: India calls Pakistan's claim of targeted killings 'false', Source URL: https://www.bbc.co.uk/news/world-asia-india-68091822?at_medium=RSS&at_campaign=KARANGA, Predicted Category: Terrorism/Protest/Political Unrest/Riot
2024-01-26 20:03:20,751 - INFO - Article Added to Database - Title: India calls Pakistan's claim of targeted killings 'false', Source URL: https://www.bbc.co.uk/news/world-asia-india-68091822?at_medium=RSS&at_campaign=KARANGA, Category: Terrorism/Protest/Political Unrest/Riot
2024-01-26 20:03:20,855 - INFO - Processing Article - Title: Umar Khalid: Indian activist languishes in jail without bail or trial, Source URL: https://www.bbc.co.uk/news/world-asia-india-67980484?at_medium=RSS&at_campaign=KARANGA, Predicted Category: Terrorism/Protest/Political Unrest/Riot
2024-01-26 20:03:20,952 - INFO - Article Added to Database - Title: Umar Khalid: Indian activist languishes in jail without bail or trial, Source URL: https://www.bbc.co.uk/news/world-asia-india-67980484?at_medium=RSS&at_campaign=KARANGA, Category: Terrorism/Protest/Political Unrest/Riot
2024-01-26 20:03:21,040 - INFO - Processing Article - Title: Adani Ports: The Tamil Nadu villagers taking on a billionaire's port plan, Source URL: https://www.bbc.co.uk/news/world-asia-india-67942639?at_medium=RSS&at_campaign=KARANGA, Predicted Category: Others
2024-01-26 20:03:21,129 - INFO - Article Added to Database - Title: Adani Ports: The Tamil Nadu villagers taking on a billionaire's port plan, Source URL: https://www.bbc.co.uk/news/world-asia-india-67942639?at_medium=RSS&at_campaign=KARANGA, Category: Others
2024-01-26 20:03:21,223 - INFO - Processing Article - Title: Bopanna, 43, becomes oldest tennis world number one, Source URL: https://www.bbc.co.uk/sport/tennis/68078338?at_medium=RSS&at_campaign=KARANGA, Predicted Category: Others
2024-01-26 20:03:21,307 - INFO - Article Added to Database - Title: Bopanna, 43, becomes oldest tennis world number one, Source URL: https://www.bbc.co.uk/sport/tennis/68078338?at_medium=RSS&at_campaign=KARANGA, Category: Others
2024-01-26 20:03:21,395 - INFO - Processing Article - Title: Watch: Crowds at India's new Ram temple in Ayodhya day after opening, Source URL: https://www.bbc.co.uk/news/world-asia-india-68066261?at_medium=RSS&at_campaign=KARANGA, Predicted Category: Others
2024-01-26 20:03:21,491 - INFO - Article Added to Database - Title: Watch: Crowds at India's new Ram temple in Ayodhya day after opening, Source URL: https://www.bbc.co.uk/news/world-asia-india-68066261?at_medium=RSS&at_campaign=KARANGA, Category: Others
2024-01-26 20:03:21,609 - INFO - Processing Article - Title: Ayodhya Ram Mandir: India PM Modi inaugurates Hindu temple on razed Babri mosque site, Source URL: https://www.bbc.co.uk/news/world-asia-india-68003095?at_medium=RSS&at_campaign=KARANGA, Predicted Category: Natural Disasters
2024-01-26 20:03:21,702 - INFO - Article Added to Database - Title: Ayodhya Ram Mandir: India PM Modi inaugurates Hindu temple on razed Babri mosque site, Source URL: https://www.bbc.co.uk/news/world-asia-india-68003095?at_medium=RSS&at_campaign=KARANGA, Category: Natural Disasters
2024-01-26 20:03:21,782 - INFO - Processing Article - Title: Sony calls off merger with India media giant Zee, Source URL: https://www.bbc.co.uk/news/business-68054056?at_medium=RSS&at_campaign=KARANGA, Predicted Category: Terrorism/Protest/Political Unrest/Riot
2024-01-26 20:03:21,871 - INFO - Article Added to Database - Title: Sony calls off merger with India media giant Zee, Source URL: https://www.bbc.co.uk/news/business-68054056?at_medium=RSS&at_campaign=KARANGA, Category: Terrorism/Protest/Political Unrest/Riot
2024-01-26 20:03:21,948 - INFO - Processing Article - Title: Watch: Indian PM Modi inaugurates temple in Ayodhya, Source URL: https://www.bbc.co.uk/news/world-asia-india-68053468?at_medium=RSS&at_campaign=KARANGA, Predicted Category: Others
2024-01-26 20:03:22,040 - INFO - Article Added to Database - Title: Watch: Indian PM Modi inaugurates temple in Ayodhya, Source URL: https://www.bbc.co.uk/news/world-asia-india-68053468?at_medium=RSS&at_campaign=KARANGA, Category: Others
2024-01-26 20:03:22,146 - INFO - Processing Article - Title: India v Afghanistan: Two super overs as Rohit Sharma hits record century in T20 series win, Source URL: https://www.bbc.co.uk/sport/cricket/68011673?at_medium=RSS&at_campaign=KARANGA, Predicted Category: Others
2024-01-26 20:03:22,242 - INFO - Article Added to Database - Title: India v Afghanistan: Two super overs as Rohit Sharma hits record century in T20 series win, Source URL: https://www.bbc.co.uk/sport/cricket/68011673?at_medium=RSS&at_campaign=KARANGA, Category: Others
2024-01-26 20:03:22,333 - INFO - Processing Article - Title: Man locked in SpiceJet plane toilet for over an hour, Source URL: https://www.bbc.co.uk/news/world-asia-india-68002986?at_medium=RSS&at_campaign=KARANGA, Predicted Category: Terrorism/Protest/Political Unrest/Riot
2024-01-26 20:03:22,427 - INFO - Article Added to Database - Title: Man locked in SpiceJet plane toilet for over an hour, Source URL: https://www.bbc.co.uk/news/world-asia-india-68002986?at_medium=RSS&at_campaign=KARANGA, Category: Terrorism/Protest/Political Unrest/Riot
2024-01-26 20:03:22,520 - INFO - Processing Article - Title: Flight cancellations: Airport chaos angers Indians as fog hits travel, Source URL: https://www.bbc.co.uk/news/world-asia-india-67978572?at_medium=RSS&at_campaign=KARANGA, Predicted Category: Terrorism/Protest/Political Unrest/Riot
2024-01-26 20:03:22,605 - INFO - Article Added to Database - Title: Flight cancellations: Airport chaos angers Indians as fog hits travel, Source URL: https://www.bbc.co.uk/news/world-asia-india-67978572?at_medium=RSS&at_campaign=KARANGA, Category: Terrorism/Protest/Political Unrest/Riot
2024-01-26 20:03:22,703 - INFO - Processing Article - Title: India v England: Relaxed, fit tourists look for series win for the ages, Source URL: https://www.bbc.co.uk/sport/cricket/68069988?at_medium=RSS&at_campaign=KARANGA, Predicted Category: Others
2024-01-26 20:03:22,781 - INFO - Article Added to Database - Title: India v England: Relaxed, fit tourists look for series win for the ages, Source URL: https://www.bbc.co.uk/sport/cricket/68069988?at_medium=RSS&at_campaign=KARANGA, Category: Others
2024-01-26 20:03:22,872 - INFO - Processing Article - Title: Ayodhya: Temple to open at India’s religious fault-line, Source URL: https://www.bbc.co.uk/news/world-asia-india-68030712?at_medium=RSS&at_campaign=KARANGA, Predicted Category: Others
2024-01-26 20:03:22,959 - INFO - Article Added to Database - Title: Ayodhya: Temple to open at India’s religious fault-line, Source URL: https://www.bbc.co.uk/news/world-asia-india-68030712?at_medium=RSS&at_campaign=KARANGA, Category: Others
2024-01-26 20:03:23,049 - INFO - Processing Article - Title: Kashmir's rare snowless winter sets off alarm bells, Source URL: https://www.bbc.co.uk/news/world-asia-india-68015106?at_medium=RSS&at_campaign=KARANGA, Predicted Category: Positive/Uplifting
2024-01-26 20:03:23,137 - INFO - Article Added to Database - Title: Kashmir's rare snowless winter sets off alarm bells, Source URL: https://www.bbc.co.uk/news/world-asia-india-68015106?at_medium=RSS&at_campaign=KARANGA, Category: Positive/Uplifting
2024-01-26 20:03:23,233 - INFO - Processing Article - Title: Lakshadweep: Can India's 'alternative Maldives' handle mass tourism?, Source URL: https://www.bbc.co.uk/news/world-asia-india-67911165?at_medium=RSS&at_campaign=KARANGA, Predicted Category: Natural Disasters
2024-01-26 20:03:23,313 - INFO - Article Added to Database - Title: Lakshadweep: Can India's 'alternative Maldives' handle mass tourism?, Source URL: https://www.bbc.co.uk/news/world-asia-india-67911165?at_medium=RSS&at_campaign=KARANGA, Category: Natural Disasters
2024-01-26 20:03:23,398 - INFO - Processing Article - Title: Gujarat boat capsize victims 'not given life jackets', Source URL: https://www.bbc.co.uk/news/world-asia-india-68027147?at_medium=RSS&at_campaign=KARANGA, Predicted Category: Terrorism/Protest/Political Unrest/Riot
2024-01-26 20:03:23,491 - INFO - Article Added to Database - Title: Gujarat boat capsize victims 'not given life jackets', Source URL: https://www.bbc.co.uk/news/world-asia-india-68027147?at_medium=RSS&at_campaign=KARANGA, Category: Terrorism/Protest/Political Unrest/Riot
2024-01-26 20:03:23,578 - INFO - Processing Article - Title: What Rahul Gandhi's march means for India election, Source URL: https://www.bbc.co.uk/news/world-asia-india-67911170?at_medium=RSS&at_campaign=KARANGA, Predicted Category: Others
2024-01-26 20:03:23,660 - INFO - Article Added to Database - Title: What Rahul Gandhi's march means for India election, Source URL: https://www.bbc.co.uk/news/world-asia-india-67911170?at_medium=RSS&at_campaign=KARANGA, Category: Others
2024-01-26 20:03:23,784 - INFO - Processing Article - Title: Agatha Christie: The Indian hotel murder that inspired the queen of crime, Source URL: https://www.bbc.co.uk/news/world-asia-india-67943375?at_medium=RSS&at_campaign=KARANGA, Predicted Category: Others
2024-01-26 20:03:23,887 - INFO - Article Added to Database - Title: Agatha Christie: The Indian hotel murder that inspired the queen of crime, Source URL: https://www.bbc.co.uk/news/world-asia-india-67943375?at_medium=RSS&at_campaign=KARANGA, Category: Others
2024-01-26 20:03:24,058 - INFO - Processing Article - Title: Bengaluru: Why English is dividing people in India's Silicon Valley, Source URL: https://www.bbc.co.uk/news/world-asia-india-67889621?at_medium=RSS&at_campaign=KARANGA, Predicted Category: Terrorism/Protest/Political Unrest/Riot
2024-01-26 20:03:24,155 - INFO - Article Added to Database - Title: Bengaluru: Why English is dividing people in India's Silicon Valley, Source URL: https://www.bbc.co.uk/news/world-asia-india-67889621?at_medium=RSS&at_campaign=KARANGA, Category: Terrorism/Protest/Political Unrest/Riot
2024-01-26 20:03:24,354 - INFO - Processing Article - Title: Bihar men conned by 'impregnating women' job scam, Source URL: https://www.bbc.co.uk/news/world-asia-india-67860456?at_medium=RSS&at_campaign=KARANGA, Predicted Category: Terrorism/Protest/Political Unrest/Riot
2024-01-26 20:03:24,447 - INFO - Article Added to Database - Title: Bihar men conned by 'impregnating women' job scam, Source URL: https://www.bbc.co.uk/news/world-asia-india-67860456?at_medium=RSS&at_campaign=KARANGA, Category: Terrorism/Protest/Political Unrest/Riot
2024-01-26 20:03:24,554 - INFO - Processing Article - Title: Maldives: Maldivians debate India's 'boycott' of their nation, Source URL: https://www.bbc.co.uk/news/world-asia-india-67942642?at_medium=RSS&at_campaign=KARANGA, Predicted Category: Terrorism/Protest/Political Unrest/Riot
2024-01-26 20:03:24,652 - INFO - Article Added to Database - Title: Maldives: Maldivians debate India's 'boycott' of their nation, Source URL: https://www.bbc.co.uk/news/world-asia-india-67942642?at_medium=RSS&at_campaign=KARANGA, Category: Terrorism/Protest/Political Unrest/Riot
2024-01-26 20:03:24,825 - INFO - Processing Article - Title: Plane gets jammed under bridge in India, Source URL: https://www.bbc.co.uk/news/world-asia-india-67843833?at_medium=RSS&at_campaign=KARANGA, Predicted Category: Terrorism/Protest/Political Unrest/Riot
2024-01-26 20:03:24,916 - INFO - Article Added to Database - Title: Plane gets jammed under bridge in India, Source URL: https://www.bbc.co.uk/news/world-asia-india-67843833?at_medium=RSS&at_campaign=KARANGA, Category: Terrorism/Protest/Political Unrest/Riot
2024-01-26 20:03:24,999 - INFO - Processing Article - Title: Intruder jumps on table in Indian parliament, Source URL: https://www.bbc.co.uk/news/world-asia-india-67700660?at_medium=RSS&at_campaign=KARANGA, Predicted Category: Terrorism/Protest/Political Unrest/Riot
2024-01-26 20:03:25,085 - INFO - Article Added to Database - Title: Intruder jumps on table in Indian parliament, Source URL: https://www.bbc.co.uk/news/world-asia-india-67700660?at_medium=RSS&at_campaign=KARANGA, Category: Terrorism/Protest/Political Unrest/Riot
2024-01-26 20:03:25,203 - INFO - Processing Article - Title: Moment worker is pulled from collapsed tunnel, Source URL: https://www.bbc.co.uk/news/world-asia-india-67552409?at_medium=RSS&at_campaign=KARANGA, Predicted Category: Terrorism/Protest/Political Unrest/Riot
2024-01-26 20:03:25,304 - INFO - Article Added to Database - Title: Moment worker is pulled from collapsed tunnel, Source URL: https://www.bbc.co.uk/news/world-asia-india-67552409?at_medium=RSS&at_campaign=KARANGA, Category: Terrorism/Protest/Political Unrest/Riot
2024-01-26 20:03:25,450 - INFO - Processing Article - Title: First video of trapped tunnel workers in India, Source URL: https://www.bbc.co.uk/news/world-asia-india-67482786?at_medium=RSS&at_campaign=KARANGA, Predicted Category: Terrorism/Protest/Political Unrest/Riot
2024-01-26 20:03:25,546 - INFO - Article Added to Database - Title: First video of trapped tunnel workers in India, Source URL: https://www.bbc.co.uk/news/world-asia-india-67482786?at_medium=RSS&at_campaign=KARANGA, Category: Terrorism/Protest/Political Unrest/Riot
2024-01-26 20:03:25,688 - INFO - Processing Article - Title: Andhra Pradesh: Drone footage shows aftermath of deadly India train crash, Source URL: https://www.bbc.co.uk/news/world-asia-india-67258761?at_medium=RSS&at_campaign=KARANGA, Predicted Category: Terrorism/Protest/Political Unrest/Riot
2024-01-26 20:03:25,780 - INFO - Article Added to Database - Title: Andhra Pradesh: Drone footage shows aftermath of deadly India train crash, Source URL: https://www.bbc.co.uk/news/world-asia-india-67258761?at_medium=RSS&at_campaign=KARANGA, Category: Terrorism/Protest/Political Unrest/Riot
2024-01-26 20:03:25,923 - INFO - Processing Article - Title: India flash floods: More than 100 missing in Sikkim state, Source URL: https://www.bbc.co.uk/news/world-67015721?at_medium=RSS&at_campaign=KARANGA, Predicted Category: Terrorism/Protest/Political Unrest/Riot
2024-01-26 20:03:26,026 - INFO - Article Added to Database - Title: India flash floods: More than 100 missing in Sikkim state, Source URL: https://www.bbc.co.uk/news/world-67015721?at_medium=RSS&at_campaign=KARANGA, Category: Terrorism/Protest/Political Unrest/Riot
2024-01-26 20:03:27,912 - INFO - Database content exported to Excel file: D:\Web Scraping and NLP end to end\news_articles.xlsx
